{"/home/travis/build/npmtest/node-npmtest-log4js/test.js":{"path":"/home/travis/build/npmtest/node-npmtest-log4js/test.js","s":{"1":2,"2":2,"3":2,"4":2,"5":2,"6":2,"7":2,"8":1,"9":2,"10":2,"11":1,"12":1,"13":1,"14":1,"15":2,"16":2,"17":2,"18":2,"19":1,"20":1,"21":2,"22":2,"23":2,"24":1,"25":1,"26":1,"27":1,"28":1,"29":1,"30":1,"31":1,"32":1,"33":1,"34":1,"35":1,"36":1,"37":2,"38":2,"39":1,"40":2,"41":2,"42":1,"43":2,"44":2,"45":1,"46":2,"47":2,"48":1,"49":1,"50":1,"51":1,"52":1},"b":{"1":[2,1,1,1],"2":[1,1,1,1],"3":[1,1],"4":[1,1],"5":[1,1],"6":[1,1],"7":[1,1],"8":[1,1],"9":[1,1,1],"10":[1,1],"11":[1,1],"12":[1,1],"13":[1,1],"14":[1,1],"15":[1,1],"16":[1,1]},"f":{"1":2,"2":2,"3":2,"4":2,"5":2,"6":1,"7":1,"8":2,"9":2,"10":2,"11":2,"12":1},"fnMap":{"1":{"name":"(anonymous_1)","line":12,"loc":{"start":{"line":12,"column":1},"end":{"line":12,"column":13}}},"2":{"name":"(anonymous_2)","line":19,"loc":{"start":{"line":19,"column":5},"end":{"line":19,"column":17}}},"3":{"name":"(anonymous_3)","line":23,"loc":{"start":{"line":23,"column":24},"end":{"line":23,"column":36}}},"4":{"name":"(anonymous_4)","line":61,"loc":{"start":{"line":61,"column":5},"end":{"line":61,"column":17}}},"5":{"name":"(anonymous_5)","line":82,"loc":{"start":{"line":82,"column":5},"end":{"line":82,"column":17}}},"6":{"name":"(anonymous_6)","line":102,"loc":{"start":{"line":102,"column":83},"end":{"line":105,"column":10}},"skip":true},"7":{"name":"(anonymous_7)","line":113,"loc":{"start":{"line":113,"column":77},"end":{"line":116,"column":10}},"skip":true},"8":{"name":"(anonymous_8)","line":129,"loc":{"start":{"line":129,"column":12},"end":{"line":129,"column":40}},"skip":true},"9":{"name":"(anonymous_9)","line":137,"loc":{"start":{"line":137,"column":77},"end":{"line":140,"column":10}},"skip":true},"10":{"name":"(anonymous_10)","line":148,"loc":{"start":{"line":148,"column":83},"end":{"line":151,"column":10}},"skip":true},"11":{"name":"(anonymous_11)","line":159,"loc":{"start":{"line":159,"column":79},"end":{"line":162,"column":10}},"skip":true},"12":{"name":"(anonymous_12)","line":170,"loc":{"start":{"line":170,"column":75},"end":{"line":173,"column":10}},"skip":true}},"statementMap":{"1":{"start":{"line":12,"column":0},"end":{"line":185,"column":5}},"2":{"start":{"line":14,"column":4},"end":{"line":14,"column":14}},"3":{"start":{"line":19,"column":4},"end":{"line":56,"column":9}},"4":{"start":{"line":21,"column":8},"end":{"line":21,"column":19}},"5":{"start":{"line":23,"column":8},"end":{"line":35,"column":13}},"6":{"start":{"line":24,"column":12},"end":{"line":34,"column":13}},"7":{"start":{"line":25,"column":16},"end":{"line":28,"column":30}},"8":{"start":{"line":30,"column":16},"end":{"line":33,"column":27}},"9":{"start":{"line":37,"column":8},"end":{"line":39,"column":21}},"10":{"start":{"line":40,"column":8},"end":{"line":53,"column":9}},"11":{"start":{"line":43,"column":12},"end":{"line":46,"column":14}},"12":{"start":{"line":47,"column":12},"end":{"line":47,"column":18}},"13":{"start":{"line":50,"column":12},"end":{"line":51,"column":46}},"14":{"start":{"line":52,"column":12},"end":{"line":52,"column":18}},"15":{"start":{"line":55,"column":8},"end":{"line":55,"column":35}},"16":{"start":{"line":61,"column":4},"end":{"line":63,"column":9}},"17":{"start":{"line":62,"column":8},"end":{"line":62,"column":15}},"18":{"start":{"line":64,"column":4},"end":{"line":77,"column":5}},"19":{"start":{"line":70,"column":8},"end":{"line":70,"column":14}},"20":{"start":{"line":76,"column":8},"end":{"line":76,"column":14}},"21":{"start":{"line":82,"column":4},"end":{"line":84,"column":9}},"22":{"start":{"line":83,"column":8},"end":{"line":83,"column":15}},"23":{"start":{"line":85,"column":4},"end":{"line":184,"column":5}},"24":{"start":{"line":92,"column":8},"end":{"line":94,"column":63}},"25":{"start":{"line":95,"column":8},"end":{"line":95,"column":14}},"26":{"start":{"line":102,"column":8},"end":{"line":111,"column":10},"skip":true},"27":{"start":{"line":109,"column":12},"end":{"line":109,"column":55},"skip":true},"28":{"start":{"line":110,"column":12},"end":{"line":110,"column":48},"skip":true},"29":{"start":{"line":113,"column":8},"end":{"line":126,"column":10},"skip":true},"30":{"start":{"line":120,"column":12},"end":{"line":120,"column":76},"skip":true},"31":{"start":{"line":121,"column":12},"end":{"line":121,"column":73},"skip":true},"32":{"start":{"line":122,"column":12},"end":{"line":122,"column":74},"skip":true},"33":{"start":{"line":123,"column":12},"end":{"line":123,"column":79},"skip":true},"34":{"start":{"line":124,"column":12},"end":{"line":124,"column":25},"skip":true},"35":{"start":{"line":125,"column":12},"end":{"line":125,"column":45},"skip":true},"36":{"start":{"line":128,"column":8},"end":{"line":135,"column":14},"skip":true},"37":{"start":{"line":133,"column":16},"end":{"line":133,"column":29},"skip":true},"38":{"start":{"line":134,"column":16},"end":{"line":134,"column":55},"skip":true},"39":{"start":{"line":137,"column":8},"end":{"line":146,"column":10},"skip":true},"40":{"start":{"line":144,"column":12},"end":{"line":144,"column":25},"skip":true},"41":{"start":{"line":145,"column":12},"end":{"line":145,"column":45},"skip":true},"42":{"start":{"line":148,"column":8},"end":{"line":157,"column":10},"skip":true},"43":{"start":{"line":155,"column":12},"end":{"line":155,"column":25},"skip":true},"44":{"start":{"line":156,"column":12},"end":{"line":156,"column":48},"skip":true},"45":{"start":{"line":159,"column":8},"end":{"line":168,"column":10},"skip":true},"46":{"start":{"line":166,"column":12},"end":{"line":166,"column":25},"skip":true},"47":{"start":{"line":167,"column":12},"end":{"line":167,"column":46},"skip":true},"48":{"start":{"line":170,"column":8},"end":{"line":179,"column":10},"skip":true},"49":{"start":{"line":177,"column":12},"end":{"line":177,"column":94},"skip":true},"50":{"start":{"line":178,"column":12},"end":{"line":178,"column":48},"skip":true},"51":{"start":{"line":182,"column":8},"end":{"line":182,"column":35},"skip":true},"52":{"start":{"line":183,"column":8},"end":{"line":183,"column":14},"skip":true}},"branchMap":{"1":{"line":25,"type":"binary-expr","locations":[{"start":{"line":25,"column":23},"end":{"line":25,"column":62}},{"start":{"line":26,"column":20},"end":{"line":26,"column":70}},{"start":{"line":27,"column":20},"end":{"line":27,"column":71}},{"start":{"line":28,"column":20},"end":{"line":28,"column":29}}]},"2":{"line":30,"type":"binary-expr","locations":[{"start":{"line":30,"column":23},"end":{"line":30,"column":37}},{"start":{"line":31,"column":20},"end":{"line":31,"column":61}},{"start":{"line":32,"column":20},"end":{"line":32,"column":70}},{"start":{"line":33,"column":20},"end":{"line":33,"column":26}}]},"3":{"line":37,"type":"cond-expr","locations":[{"start":{"line":38,"column":14},"end":{"line":38,"column":20}},{"start":{"line":39,"column":14},"end":{"line":39,"column":20}}]},"4":{"line":40,"type":"switch","locations":[{"start":{"line":42,"column":8},"end":{"line":47,"column":18}},{"start":{"line":49,"column":8},"end":{"line":52,"column":18}}]},"5":{"line":44,"type":"binary-expr","locations":[{"start":{"line":44,"column":16},"end":{"line":44,"column":44}},{"start":{"line":44,"column":48},"end":{"line":44,"column":66}}]},"6":{"line":50,"type":"binary-expr","locations":[{"start":{"line":50,"column":21},"end":{"line":50,"column":49}},{"start":{"line":50,"column":53},"end":{"line":50,"column":72}}]},"7":{"line":64,"type":"switch","locations":[{"start":{"line":69,"column":4},"end":{"line":70,"column":14}},{"start":{"line":75,"column":4},"end":{"line":76,"column":14}}]},"8":{"line":85,"type":"switch","locations":[{"start":{"line":90,"column":4},"end":{"line":95,"column":14}},{"start":{"line":101,"column":4},"end":{"line":183,"column":14},"skip":true}]},"9":{"line":92,"type":"binary-expr","locations":[{"start":{"line":92,"column":18},"end":{"line":92,"column":32}},{"start":{"line":93,"column":12},"end":{"line":93,"column":53}},{"start":{"line":94,"column":12},"end":{"line":94,"column":61}}]},"10":{"line":102,"type":"binary-expr","locations":[{"start":{"line":102,"column":45},"end":{"line":102,"column":79},"skip":true},{"start":{"line":102,"column":83},"end":{"line":111,"column":9},"skip":true}]},"11":{"line":113,"type":"binary-expr","locations":[{"start":{"line":113,"column":42},"end":{"line":113,"column":73},"skip":true},{"start":{"line":113,"column":77},"end":{"line":126,"column":9},"skip":true}]},"12":{"line":128,"type":"binary-expr","locations":[{"start":{"line":128,"column":48},"end":{"line":128,"column":85},"skip":true},{"start":{"line":129,"column":12},"end":{"line":135,"column":13},"skip":true}]},"13":{"line":137,"type":"binary-expr","locations":[{"start":{"line":137,"column":42},"end":{"line":137,"column":73},"skip":true},{"start":{"line":137,"column":77},"end":{"line":146,"column":9},"skip":true}]},"14":{"line":148,"type":"binary-expr","locations":[{"start":{"line":148,"column":45},"end":{"line":148,"column":79},"skip":true},{"start":{"line":148,"column":83},"end":{"line":157,"column":9},"skip":true}]},"15":{"line":159,"type":"binary-expr","locations":[{"start":{"line":159,"column":43},"end":{"line":159,"column":75},"skip":true},{"start":{"line":159,"column":79},"end":{"line":168,"column":9},"skip":true}]},"16":{"line":170,"type":"binary-expr","locations":[{"start":{"line":170,"column":41},"end":{"line":170,"column":71},"skip":true},{"start":{"line":170,"column":75},"end":{"line":179,"column":9},"skip":true}]}},"code":["/* istanbul instrument in package npmtest_log4js */","/*jslint","    bitwise: true,","    browser: true,","    maxerr: 8,","    maxlen: 96,","    node: true,","    nomen: true,","    regexp: true,","    stupid: true","*/","(function () {","    'use strict';","    var local;","","","","    // run shared js-env code - pre-init","    (function () {","        // init local","        local = {};","        // init modeJs","        local.modeJs = (function () {","            try {","                return typeof navigator.userAgent === 'string' &&","                    typeof document.querySelector('body') === 'object' &&","                    typeof XMLHttpRequest.prototype.open === 'function' &&","                    'browser';","            } catch (errorCaughtBrowser) {","                return module.exports &&","                    typeof process.versions.node === 'string' &&","                    typeof require('http').createServer === 'function' &&","                    'node';","            }","        }());","        // init global","        local.global = local.modeJs === 'browser'","            ? window","            : global;","        switch (local.modeJs) {","        // re-init local from window.local","        case 'browser':","            local = local.global.utility2.objectSetDefault(","                local.global.utility2_rollup || local.global.local,","                local.global.utility2","            );","            break;","        // re-init local from example.js","        case 'node':","            local = (local.global.utility2_rollup || require('utility2'))","                .requireExampleJsFromReadme();","            break;","        }","        // export local","        local.global.local = local;","    }());","","","","    // run shared js-env code - function","    (function () {","        return;","    }());","    switch (local.modeJs) {","","","","    // run browser js-env code - function","    case 'browser':","        break;","","","","    // run node js-env code - function","    case 'node':","        break;","    }","","","","    // run shared js-env code - post-init","    (function () {","        return;","    }());","    switch (local.modeJs) {","","","","    // run browser js-env code - post-init","    case 'browser':","        // run tests","        local.nop(local.modeTest &&","            document.querySelector('#testRunButton1') &&","            document.querySelector('#testRunButton1').click());","        break;","","","","    // run node js-env code - post-init","    /* istanbul ignore next */","    case 'node':","        local.testCase_buildApidoc_default = local.testCase_buildApidoc_default || function (","            options,","            onError","        ) {","        /*","         * this function will test buildApidoc's default handling-behavior-behavior","         */","            options = { modulePathList: module.paths };","            local.buildApidoc(options, onError);","        };","","        local.testCase_buildApp_default = local.testCase_buildApp_default || function (","            options,","            onError","        ) {","        /*","         * this function will test buildApp's default handling-behavior-behavior","         */","            local.testCase_buildReadme_default(options, local.onErrorThrow);","            local.testCase_buildLib_default(options, local.onErrorThrow);","            local.testCase_buildTest_default(options, local.onErrorThrow);","            local.testCase_buildCustomOrg_default(options, local.onErrorThrow);","            options = [];","            local.buildApp(options, onError);","        };","","        local.testCase_buildCustomOrg_default = local.testCase_buildCustomOrg_default ||","            function (options, onError) {","            /*","             * this function will test buildCustomOrg's default handling-behavior","             */","                options = {};","                local.buildCustomOrg(options, onError);","            };","","        local.testCase_buildLib_default = local.testCase_buildLib_default || function (","            options,","            onError","        ) {","        /*","         * this function will test buildLib's default handling-behavior","         */","            options = {};","            local.buildLib(options, onError);","        };","","        local.testCase_buildReadme_default = local.testCase_buildReadme_default || function (","            options,","            onError","        ) {","        /*","         * this function will test buildReadme's default handling-behavior-behavior","         */","            options = {};","            local.buildReadme(options, onError);","        };","","        local.testCase_buildTest_default = local.testCase_buildTest_default || function (","            options,","            onError","        ) {","        /*","         * this function will test buildTest's default handling-behavior","         */","            options = {};","            local.buildTest(options, onError);","        };","","        local.testCase_webpage_default = local.testCase_webpage_default || function (","            options,","            onError","        ) {","        /*","         * this function will test webpage's default handling-behavior","         */","            options = { modeCoverageMerge: true, url: local.serverLocalHost + '?modeTest=1' };","            local.browserTest(options, onError);","        };","","        // run test-server","        local.testRunServer(local);","        break;","    }","}());",""],"l":{"12":2,"14":2,"19":2,"21":2,"23":2,"24":2,"25":2,"30":1,"37":2,"40":2,"43":1,"47":1,"50":1,"52":1,"55":2,"61":2,"62":2,"64":2,"70":1,"76":1,"82":2,"83":2,"85":2,"92":1,"95":1,"102":1,"109":1,"110":1,"113":1,"120":1,"121":1,"122":1,"123":1,"124":1,"125":1,"128":1,"133":2,"134":2,"137":1,"144":2,"145":2,"148":1,"155":2,"156":2,"159":1,"166":2,"167":2,"170":1,"177":1,"178":1,"182":1,"183":1}},"/home/travis/build/npmtest/node-npmtest-log4js/lib.npmtest_log4js.js":{"path":"/home/travis/build/npmtest/node-npmtest-log4js/lib.npmtest_log4js.js","s":{"1":2,"2":2,"3":2,"4":2,"5":2,"6":2,"7":2,"8":1,"9":2,"10":2,"11":2,"12":2,"13":1,"14":1,"15":1,"16":1},"b":{"1":[2,1,1,1],"2":[1,1,1,1],"3":[1,1],"4":[2,2],"5":[1,1]},"f":{"1":2,"2":2,"3":2},"fnMap":{"1":{"name":"(anonymous_1)","line":12,"loc":{"start":{"line":12,"column":1},"end":{"line":12,"column":13}}},"2":{"name":"(anonymous_2)","line":19,"loc":{"start":{"line":19,"column":5},"end":{"line":19,"column":17}}},"3":{"name":"(anonymous_3)","line":23,"loc":{"start":{"line":23,"column":24},"end":{"line":23,"column":36}}}},"statementMap":{"1":{"start":{"line":12,"column":0},"end":{"line":53,"column":5}},"2":{"start":{"line":14,"column":4},"end":{"line":14,"column":14}},"3":{"start":{"line":19,"column":4},"end":{"line":52,"column":9}},"4":{"start":{"line":21,"column":8},"end":{"line":21,"column":19}},"5":{"start":{"line":23,"column":8},"end":{"line":35,"column":13}},"6":{"start":{"line":24,"column":12},"end":{"line":34,"column":13}},"7":{"start":{"line":25,"column":16},"end":{"line":28,"column":30}},"8":{"start":{"line":30,"column":16},"end":{"line":33,"column":27}},"9":{"start":{"line":37,"column":8},"end":{"line":39,"column":21}},"10":{"start":{"line":41,"column":8},"end":{"line":41,"column":54}},"11":{"start":{"line":43,"column":8},"end":{"line":43,"column":51}},"12":{"start":{"line":45,"column":8},"end":{"line":51,"column":9}},"13":{"start":{"line":46,"column":12},"end":{"line":46,"column":57}},"14":{"start":{"line":48,"column":12},"end":{"line":48,"column":35}},"15":{"start":{"line":49,"column":12},"end":{"line":49,"column":49}},"16":{"start":{"line":50,"column":12},"end":{"line":50,"column":43}}},"branchMap":{"1":{"line":25,"type":"binary-expr","locations":[{"start":{"line":25,"column":23},"end":{"line":25,"column":62}},{"start":{"line":26,"column":20},"end":{"line":26,"column":70}},{"start":{"line":27,"column":20},"end":{"line":27,"column":71}},{"start":{"line":28,"column":20},"end":{"line":28,"column":29}}]},"2":{"line":30,"type":"binary-expr","locations":[{"start":{"line":30,"column":23},"end":{"line":30,"column":37}},{"start":{"line":31,"column":20},"end":{"line":31,"column":61}},{"start":{"line":32,"column":20},"end":{"line":32,"column":70}},{"start":{"line":33,"column":20},"end":{"line":33,"column":26}}]},"3":{"line":37,"type":"cond-expr","locations":[{"start":{"line":38,"column":14},"end":{"line":38,"column":20}},{"start":{"line":39,"column":14},"end":{"line":39,"column":20}}]},"4":{"line":41,"type":"binary-expr","locations":[{"start":{"line":41,"column":16},"end":{"line":41,"column":44}},{"start":{"line":41,"column":48},"end":{"line":41,"column":53}}]},"5":{"line":45,"type":"if","locations":[{"start":{"line":45,"column":8},"end":{"line":45,"column":8}},{"start":{"line":45,"column":8},"end":{"line":45,"column":8}}]}},"code":["/* istanbul instrument in package npmtest_log4js */","/*jslint","    bitwise: true,","    browser: true,","    maxerr: 8,","    maxlen: 96,","    node: true,","    nomen: true,","    regexp: true,","    stupid: true","*/","(function () {","    'use strict';","    var local;","","","","    // run shared js-env code - pre-init","    (function () {","        // init local","        local = {};","        // init modeJs","        local.modeJs = (function () {","            try {","                return typeof navigator.userAgent === 'string' &&","                    typeof document.querySelector('body') === 'object' &&","                    typeof XMLHttpRequest.prototype.open === 'function' &&","                    'browser';","            } catch (errorCaughtBrowser) {","                return module.exports &&","                    typeof process.versions.node === 'string' &&","                    typeof require('http').createServer === 'function' &&","                    'node';","            }","        }());","        // init global","        local.global = local.modeJs === 'browser'","            ? window","            : global;","        // init utility2_rollup","        local = local.global.utility2_rollup || local;","        // init lib","        local.local = local.npmtest_log4js = local;","        // init exports","        if (local.modeJs === 'browser') {","            local.global.utility2_npmtest_log4js = local;","        } else {","            module.exports = local;","            module.exports.__dirname = __dirname;","            module.exports.module = module;","        }","    }());","}());",""],"l":{"12":2,"14":2,"19":2,"21":2,"23":2,"24":2,"25":2,"30":1,"37":2,"41":2,"43":2,"45":2,"46":1,"48":1,"49":1,"50":1}},"/home/travis/build/npmtest/node-npmtest-log4js/example.js":{"path":"/home/travis/build/npmtest/node-npmtest-log4js/example.js","s":{"1":2,"2":2,"3":2,"4":2,"5":2,"6":2,"7":2,"8":1,"9":2,"10":2,"11":2,"12":2,"13":1,"14":2,"15":2,"16":2,"17":2,"18":2,"19":0,"20":2,"21":1,"22":1,"23":1,"24":1,"25":1,"26":0,"27":0,"28":1,"29":1,"30":2,"31":0,"32":0,"33":0,"34":1,"35":2,"36":2,"37":2,"38":2,"39":2,"40":2,"41":0,"42":2,"43":2,"44":2,"45":1,"46":3,"47":1,"48":1,"49":1,"50":1,"51":1,"52":1,"53":1,"54":1,"55":1,"56":1,"57":0,"58":1,"59":6,"60":6,"61":1,"62":2,"63":0,"64":2,"65":1,"66":1,"67":0,"68":0,"69":0,"70":0,"71":0,"72":0,"73":0,"74":0,"75":0,"76":0,"77":0,"78":0,"79":0,"80":0,"81":0,"82":0,"83":0},"b":{"1":[2,1,1,1],"2":[1,1,1,1],"3":[1,1],"4":[2,2],"5":[1,1],"6":[1,1],"7":[2,0],"8":[2,1,1,1,1,1],"9":[0,2,0],"10":[1,1],"11":[2,1,1],"12":[1,0],"13":[0,2],"14":[2,0,0,0,0,0,0],"15":[0,2],"16":[2,0],"17":[1,1],"18":[0,1],"19":[1,2,0,2],"20":[1,0],"21":[1,1],"22":[0,0],"23":[0,0],"24":[0,0],"25":[0,0],"26":[0,0],"27":[0,0],"28":[0,0]},"f":{"1":2,"2":2,"3":2,"4":2,"5":2,"6":2,"7":2,"8":2,"9":3,"10":1,"11":6,"12":0},"fnMap":{"1":{"name":"(anonymous_1)","line":26,"loc":{"start":{"line":26,"column":1},"end":{"line":26,"column":13}}},"2":{"name":"(anonymous_2)","line":33,"loc":{"start":{"line":33,"column":5},"end":{"line":33,"column":17}}},"3":{"name":"(anonymous_3)","line":37,"loc":{"start":{"line":37,"column":24},"end":{"line":37,"column":36}}},"4":{"name":"(anonymous_4)","line":69,"loc":{"start":{"line":69,"column":31},"end":{"line":69,"column":48}},"skip":true},"5":{"name":"(anonymous_5)","line":78,"loc":{"start":{"line":78,"column":26},"end":{"line":78,"column":45}},"skip":true},"6":{"name":"(anonymous_6)","line":123,"loc":{"start":{"line":123,"column":33},"end":{"line":123,"column":48}},"skip":true},"7":{"name":"(anonymous_7)","line":125,"loc":{"start":{"line":125,"column":27},"end":{"line":125,"column":39}},"skip":true},"8":{"name":"(anonymous_8)","line":133,"loc":{"start":{"line":133,"column":59},"end":{"line":133,"column":74}},"skip":true},"9":{"name":"(anonymous_9)","line":143,"loc":{"start":{"line":143,"column":45},"end":{"line":143,"column":62}},"skip":true},"10":{"name":"(anonymous_10)","line":144,"loc":{"start":{"line":144,"column":73},"end":{"line":144,"column":92}},"skip":true},"11":{"name":"(anonymous_11)","line":272,"loc":{"start":{"line":272,"column":51},"end":{"line":272,"column":77}},"skip":true},"12":{"name":"(anonymous_12)","line":314,"loc":{"start":{"line":314,"column":32},"end":{"line":314,"column":61}},"skip":true}},"statementMap":{"1":{"start":{"line":26,"column":0},"end":{"line":325,"column":5}},"2":{"start":{"line":28,"column":4},"end":{"line":28,"column":14}},"3":{"start":{"line":33,"column":4},"end":{"line":60,"column":9}},"4":{"start":{"line":35,"column":8},"end":{"line":35,"column":19}},"5":{"start":{"line":37,"column":8},"end":{"line":49,"column":13}},"6":{"start":{"line":38,"column":12},"end":{"line":48,"column":13}},"7":{"start":{"line":39,"column":16},"end":{"line":42,"column":30}},"8":{"start":{"line":44,"column":16},"end":{"line":47,"column":27}},"9":{"start":{"line":51,"column":8},"end":{"line":53,"column":21}},"10":{"start":{"line":55,"column":8},"end":{"line":57,"column":45}},"11":{"start":{"line":59,"column":8},"end":{"line":59,"column":35}},"12":{"start":{"line":61,"column":4},"end":{"line":324,"column":5}},"13":{"start":{"line":69,"column":8},"end":{"line":121,"column":10},"skip":true},"14":{"start":{"line":70,"column":12},"end":{"line":88,"column":13},"skip":true},"15":{"start":{"line":76,"column":16},"end":{"line":87,"column":19},"skip":true},"16":{"start":{"line":79,"column":20},"end":{"line":86,"column":21},"skip":true},"17":{"start":{"line":82,"column":24},"end":{"line":82,"column":43},"skip":true},"18":{"start":{"line":83,"column":24},"end":{"line":83,"column":30},"skip":true},"19":{"start":{"line":85,"column":24},"end":{"line":85,"column":49},"skip":true},"20":{"start":{"line":89,"column":12},"end":{"line":107,"column":13},"skip":true},"21":{"start":{"line":92,"column":16},"end":{"line":102,"column":17},"skip":true},"22":{"start":{"line":93,"column":20},"end":{"line":93,"column":86},"skip":true},"23":{"start":{"line":94,"column":20},"end":{"line":95,"column":45},"skip":true},"24":{"start":{"line":96,"column":20},"end":{"line":96,"column":42},"skip":true},"25":{"start":{"line":97,"column":20},"end":{"line":97,"column":48},"skip":true},"26":{"start":{"line":100,"column":20},"end":{"line":100,"column":85},"skip":true},"27":{"start":{"line":101,"column":20},"end":{"line":101,"column":96},"skip":true},"28":{"start":{"line":103,"column":16},"end":{"line":103,"column":22},"skip":true},"29":{"start":{"line":106,"column":16},"end":{"line":106,"column":22},"skip":true},"30":{"start":{"line":108,"column":12},"end":{"line":120,"column":13},"skip":true},"31":{"start":{"line":114,"column":16},"end":{"line":119,"column":17},"skip":true},"32":{"start":{"line":116,"column":20},"end":{"line":116,"column":78},"skip":true},"33":{"start":{"line":118,"column":20},"end":{"line":118,"column":47},"skip":true},"34":{"start":{"line":123,"column":8},"end":{"line":141,"column":11},"skip":true},"35":{"start":{"line":124,"column":12},"end":{"line":124,"column":54},"skip":true},"36":{"start":{"line":125,"column":12},"end":{"line":140,"column":14},"skip":true},"37":{"start":{"line":126,"column":16},"end":{"line":126,"column":28},"skip":true},"38":{"start":{"line":127,"column":16},"end":{"line":127,"column":69},"skip":true},"39":{"start":{"line":128,"column":16},"end":{"line":128,"column":75},"skip":true},"40":{"start":{"line":129,"column":16},"end":{"line":131,"column":17},"skip":true},"41":{"start":{"line":130,"column":20},"end":{"line":130,"column":27},"skip":true},"42":{"start":{"line":133,"column":16},"end":{"line":137,"column":36},"skip":true},"43":{"start":{"line":134,"column":20},"end":{"line":136,"column":55},"skip":true},"44":{"start":{"line":139,"column":16},"end":{"line":139,"column":57},"skip":true},"45":{"start":{"line":143,"column":8},"end":{"line":147,"column":11},"skip":true},"46":{"start":{"line":144,"column":12},"end":{"line":146,"column":15},"skip":true},"47":{"start":{"line":145,"column":16},"end":{"line":145,"column":70},"skip":true},"48":{"start":{"line":149,"column":8},"end":{"line":149,"column":31},"skip":true},"49":{"start":{"line":150,"column":8},"end":{"line":150,"column":14},"skip":true},"50":{"start":{"line":158,"column":8},"end":{"line":158,"column":31},"skip":true},"51":{"start":{"line":160,"column":8},"end":{"line":160,"column":33},"skip":true},"52":{"start":{"line":161,"column":8},"end":{"line":161,"column":37},"skip":true},"53":{"start":{"line":162,"column":8},"end":{"line":162,"column":35},"skip":true},"54":{"start":{"line":164,"column":8},"end":{"line":164,"column":50},"skip":true},"55":{"start":{"line":166,"column":8},"end":{"line":256,"column":2},"skip":true},"56":{"start":{"line":258,"column":8},"end":{"line":286,"column":9},"skip":true},"57":{"start":{"line":259,"column":12},"end":{"line":269,"column":14},"skip":true},"58":{"start":{"line":271,"column":12},"end":{"line":285,"column":19},"skip":true},"59":{"start":{"line":274,"column":20},"end":{"line":274,"column":35},"skip":true},"60":{"start":{"line":275,"column":20},"end":{"line":284,"column":21},"skip":true},"61":{"start":{"line":277,"column":24},"end":{"line":277,"column":64},"skip":true},"62":{"start":{"line":279,"column":24},"end":{"line":279,"column":40},"skip":true},"63":{"start":{"line":281,"column":24},"end":{"line":281,"column":40},"skip":true},"64":{"start":{"line":283,"column":24},"end":{"line":283,"column":39},"skip":true},"65":{"start":{"line":288,"column":8},"end":{"line":290,"column":9},"skip":true},"66":{"start":{"line":289,"column":12},"end":{"line":289,"column":18},"skip":true},"67":{"start":{"line":291,"column":8},"end":{"line":293,"column":54},"skip":true},"68":{"start":{"line":294,"column":8},"end":{"line":301,"column":37},"skip":true},"69":{"start":{"line":302,"column":8},"end":{"line":302,"column":82},"skip":true},"70":{"start":{"line":305,"column":8},"end":{"line":307,"column":9},"skip":true},"71":{"start":{"line":306,"column":12},"end":{"line":306,"column":82},"skip":true},"72":{"start":{"line":309,"column":8},"end":{"line":311,"column":9},"skip":true},"73":{"start":{"line":310,"column":12},"end":{"line":310,"column":18},"skip":true},"74":{"start":{"line":312,"column":8},"end":{"line":312,"column":54},"skip":true},"75":{"start":{"line":313,"column":8},"end":{"line":313,"column":69},"skip":true},"76":{"start":{"line":314,"column":8},"end":{"line":322,"column":36},"skip":true},"77":{"start":{"line":315,"column":12},"end":{"line":315,"column":61},"skip":true},"78":{"start":{"line":316,"column":12},"end":{"line":319,"column":13},"skip":true},"79":{"start":{"line":317,"column":16},"end":{"line":317,"column":75},"skip":true},"80":{"start":{"line":318,"column":16},"end":{"line":318,"column":23},"skip":true},"81":{"start":{"line":320,"column":12},"end":{"line":320,"column":38},"skip":true},"82":{"start":{"line":321,"column":12},"end":{"line":321,"column":27},"skip":true},"83":{"start":{"line":323,"column":8},"end":{"line":323,"column":14},"skip":true}},"branchMap":{"1":{"line":39,"type":"binary-expr","locations":[{"start":{"line":39,"column":23},"end":{"line":39,"column":62}},{"start":{"line":40,"column":20},"end":{"line":40,"column":70}},{"start":{"line":41,"column":20},"end":{"line":41,"column":71}},{"start":{"line":42,"column":20},"end":{"line":42,"column":29}}]},"2":{"line":44,"type":"binary-expr","locations":[{"start":{"line":44,"column":23},"end":{"line":44,"column":37}},{"start":{"line":45,"column":20},"end":{"line":45,"column":61}},{"start":{"line":46,"column":20},"end":{"line":46,"column":70}},{"start":{"line":47,"column":20},"end":{"line":47,"column":26}}]},"3":{"line":51,"type":"cond-expr","locations":[{"start":{"line":52,"column":14},"end":{"line":52,"column":20}},{"start":{"line":53,"column":14},"end":{"line":53,"column":20}}]},"4":{"line":55,"type":"binary-expr","locations":[{"start":{"line":55,"column":16},"end":{"line":55,"column":44}},{"start":{"line":55,"column":49},"end":{"line":57,"column":43}}]},"5":{"line":55,"type":"cond-expr","locations":[{"start":{"line":56,"column":14},"end":{"line":56,"column":50}},{"start":{"line":57,"column":14},"end":{"line":57,"column":43}}]},"6":{"line":61,"type":"switch","locations":[{"start":{"line":68,"column":4},"end":{"line":150,"column":14},"skip":true},{"start":{"line":156,"column":4},"end":{"line":323,"column":14},"skip":true}]},"7":{"line":70,"type":"if","locations":[{"start":{"line":70,"column":12},"end":{"line":70,"column":12},"skip":true},{"start":{"line":70,"column":12},"end":{"line":70,"column":12},"skip":true}]},"8":{"line":70,"type":"binary-expr","locations":[{"start":{"line":70,"column":16},"end":{"line":70,"column":22},"skip":true},{"start":{"line":70,"column":27},"end":{"line":70,"column":32},"skip":true},{"start":{"line":71,"column":20},"end":{"line":71,"column":39},"skip":true},{"start":{"line":72,"column":20},"end":{"line":72,"column":49},"skip":true},{"start":{"line":73,"column":20},"end":{"line":73,"column":58},"skip":true},{"start":{"line":74,"column":20},"end":{"line":74,"column":69},"skip":true}]},"9":{"line":79,"type":"switch","locations":[{"start":{"line":80,"column":20},"end":{"line":80,"column":33},"skip":true},{"start":{"line":81,"column":20},"end":{"line":83,"column":30},"skip":true},{"start":{"line":84,"column":20},"end":{"line":85,"column":49},"skip":true}]},"10":{"line":89,"type":"switch","locations":[{"start":{"line":90,"column":12},"end":{"line":103,"column":22},"skip":true},{"start":{"line":105,"column":12},"end":{"line":106,"column":22},"skip":true}]},"11":{"line":89,"type":"binary-expr","locations":[{"start":{"line":89,"column":20},"end":{"line":89,"column":25},"skip":true},{"start":{"line":89,"column":29},"end":{"line":89,"column":48},"skip":true},{"start":{"line":89,"column":52},"end":{"line":89,"column":74},"skip":true}]},"12":{"line":92,"type":"if","locations":[{"start":{"line":92,"column":16},"end":{"line":92,"column":16},"skip":true},{"start":{"line":92,"column":16},"end":{"line":92,"column":16},"skip":true}]},"13":{"line":108,"type":"if","locations":[{"start":{"line":108,"column":12},"end":{"line":108,"column":12},"skip":true},{"start":{"line":108,"column":12},"end":{"line":108,"column":12},"skip":true}]},"14":{"line":108,"type":"binary-expr","locations":[{"start":{"line":108,"column":16},"end":{"line":108,"column":61},"skip":true},{"start":{"line":108,"column":66},"end":{"line":108,"column":72},"skip":true},{"start":{"line":108,"column":77},"end":{"line":108,"column":82},"skip":true},{"start":{"line":109,"column":20},"end":{"line":109,"column":39},"skip":true},{"start":{"line":110,"column":20},"end":{"line":110,"column":49},"skip":true},{"start":{"line":111,"column":20},"end":{"line":111,"column":58},"skip":true},{"start":{"line":112,"column":20},"end":{"line":112,"column":68},"skip":true}]},"15":{"line":129,"type":"if","locations":[{"start":{"line":129,"column":16},"end":{"line":129,"column":16},"skip":true},{"start":{"line":129,"column":16},"end":{"line":129,"column":16},"skip":true}]},"16":{"line":134,"type":"cond-expr","locations":[{"start":{"line":135,"column":26},"end":{"line":135,"column":29},"skip":true},{"start":{"line":136,"column":26},"end":{"line":136,"column":54},"skip":true}]},"17":{"line":164,"type":"binary-expr","locations":[{"start":{"line":164,"column":27},"end":{"line":164,"column":43},"skip":true},{"start":{"line":164,"column":47},"end":{"line":164,"column":49},"skip":true}]},"18":{"line":258,"type":"if","locations":[{"start":{"line":258,"column":8},"end":{"line":258,"column":8},"skip":true},{"start":{"line":258,"column":8},"end":{"line":258,"column":8},"skip":true}]},"19":{"line":275,"type":"switch","locations":[{"start":{"line":276,"column":20},"end":{"line":277,"column":64},"skip":true},{"start":{"line":278,"column":20},"end":{"line":279,"column":40},"skip":true},{"start":{"line":280,"column":20},"end":{"line":281,"column":40},"skip":true},{"start":{"line":282,"column":20},"end":{"line":283,"column":39},"skip":true}]},"20":{"line":288,"type":"if","locations":[{"start":{"line":288,"column":8},"end":{"line":288,"column":8},"skip":true},{"start":{"line":288,"column":8},"end":{"line":288,"column":8},"skip":true}]},"21":{"line":288,"type":"binary-expr","locations":[{"start":{"line":288,"column":12},"end":{"line":288,"column":40},"skip":true},{"start":{"line":288,"column":44},"end":{"line":288,"column":67},"skip":true}]},"22":{"line":292,"type":"binary-expr","locations":[{"start":{"line":292,"column":12},"end":{"line":292,"column":50},"skip":true},{"start":{"line":293,"column":12},"end":{"line":293,"column":53},"skip":true}]},"23":{"line":295,"type":"binary-expr","locations":[{"start":{"line":295,"column":12},"end":{"line":295,"column":64},"skip":true},{"start":{"line":296,"column":12},"end":{"line":301,"column":36},"skip":true}]},"24":{"line":302,"type":"binary-expr","locations":[{"start":{"line":302,"column":43},"end":{"line":302,"column":75},"skip":true},{"start":{"line":302,"column":79},"end":{"line":302,"column":81},"skip":true}]},"25":{"line":305,"type":"if","locations":[{"start":{"line":305,"column":8},"end":{"line":305,"column":8},"skip":true},{"start":{"line":305,"column":8},"end":{"line":305,"column":8},"skip":true}]},"26":{"line":309,"type":"if","locations":[{"start":{"line":309,"column":8},"end":{"line":309,"column":8},"skip":true},{"start":{"line":309,"column":8},"end":{"line":309,"column":8},"skip":true}]},"27":{"line":312,"type":"binary-expr","locations":[{"start":{"line":312,"column":27},"end":{"line":312,"column":43},"skip":true},{"start":{"line":312,"column":47},"end":{"line":312,"column":53},"skip":true}]},"28":{"line":316,"type":"if","locations":[{"start":{"line":316,"column":12},"end":{"line":316,"column":12},"skip":true},{"start":{"line":316,"column":12},"end":{"line":316,"column":12},"skip":true}]}},"code":["/*","example.js","","quickstart example","","instruction","    1. save this script as example.js","    2. run the shell command:","        $ npm install npmtest-log4js && PORT=8081 node example.js","    3. play with the browser-demo on http://127.0.0.1:8081","*/","","","","/* istanbul instrument in package npmtest_log4js */","/*jslint","    bitwise: true,","    browser: true,","    maxerr: 8,","    maxlen: 96,","    node: true,","    nomen: true,","    regexp: true,","    stupid: true","*/","(function () {","    'use strict';","    var local;","","","","    // run shared js-env code - pre-init","    (function () {","        // init local","        local = {};","        // init modeJs","        local.modeJs = (function () {","            try {","                return typeof navigator.userAgent === 'string' &&","                    typeof document.querySelector('body') === 'object' &&","                    typeof XMLHttpRequest.prototype.open === 'function' &&","                    'browser';","            } catch (errorCaughtBrowser) {","                return module.exports &&","                    typeof process.versions.node === 'string' &&","                    typeof require('http').createServer === 'function' &&","                    'node';","            }","        }());","        // init global","        local.global = local.modeJs === 'browser'","            ? window","            : global;","        // init utility2_rollup","        local = local.global.utility2_rollup || (local.modeJs === 'browser'","            ? local.global.utility2_npmtest_log4js","            : global.utility2_moduleExports);","        // export local","        local.global.local = local;","    }());","    switch (local.modeJs) {","","","","    // post-init","    // run browser js-env code - post-init","    /* istanbul ignore next */","    case 'browser':","        local.testRunBrowser = function (event) {","            if (!event || (event &&","                    event.currentTarget &&","                    event.currentTarget.className &&","                    event.currentTarget.className.includes &&","                    event.currentTarget.className.includes('onreset'))) {","                // reset output","                Array.from(","                    document.querySelectorAll('body > .resettable')","                ).forEach(function (element) {","                    switch (element.tagName) {","                    case 'INPUT':","                    case 'TEXTAREA':","                        element.value = '';","                        break;","                    default:","                        element.textContent = '';","                    }","                });","            }","            switch (event && event.currentTarget && event.currentTarget.id) {","            case 'testRunButton1':","                // show tests","                if (document.querySelector('#testReportDiv1').style.display === 'none') {","                    document.querySelector('#testReportDiv1').style.display = 'block';","                    document.querySelector('#testRunButton1').textContent =","                        'hide internal test';","                    local.modeTest = true;","                    local.testRunDefault(local);","                // hide tests","                } else {","                    document.querySelector('#testReportDiv1').style.display = 'none';","                    document.querySelector('#testRunButton1').textContent = 'run internal test';","                }","                break;","            // custom-case","            default:","                break;","            }","            if (document.querySelector('#inputTextareaEval1') && (!event || (event &&","                    event.currentTarget &&","                    event.currentTarget.className &&","                    event.currentTarget.className.includes &&","                    event.currentTarget.className.includes('oneval')))) {","                // try to eval input-code","                try {","                    /*jslint evil: true*/","                    eval(document.querySelector('#inputTextareaEval1').value);","                } catch (errorCaught) {","                    console.error(errorCaught);","                }","            }","        };","        // log stderr and stdout to #outputTextareaStdout1","        ['error', 'log'].forEach(function (key) {","            console[key + '_original'] = console[key];","            console[key] = function () {","                var element;","                console[key + '_original'].apply(console, arguments);","                element = document.querySelector('#outputTextareaStdout1');","                if (!element) {","                    return;","                }","                // append text to #outputTextareaStdout1","                element.value += Array.from(arguments).map(function (arg) {","                    return typeof arg === 'string'","                        ? arg","                        : JSON.stringify(arg, null, 4);","                }).join(' ') + '\\n';","                // scroll textarea to bottom","                element.scrollTop = element.scrollHeight;","            };","        });","        // init event-handling","        ['change', 'click', 'keyup'].forEach(function (event) {","            Array.from(document.querySelectorAll('.on' + event)).forEach(function (element) {","                element.addEventListener(event, local.testRunBrowser);","            });","        });","        // run tests","        local.testRunBrowser();","        break;","","","","    // run node js-env code - post-init","    /* istanbul ignore next */","    case 'node':","        // export local","        module.exports = local;","        // require modules","        local.fs = require('fs');","        local.http = require('http');","        local.url = require('url');","        // init assets","        local.assetsDict = local.assetsDict || {};","        /* jslint-ignore-begin */","        local.assetsDict['/assets.index.template.html'] = '\\","<!doctype html>\\n\\","<html lang=\"en\">\\n\\","<head>\\n\\","<meta charset=\"UTF-8\">\\n\\","<meta name=\"viewport\" content=\"width=device-width, initial-scale=1\">\\n\\","<title>{{env.npm_package_name}} (v{{env.npm_package_version}})</title>\\n\\","<style>\\n\\","/*csslint\\n\\","    box-sizing: false,\\n\\","    universal-selector: false\\n\\","*/\\n\\","* {\\n\\","    box-sizing: border-box;\\n\\","}\\n\\","body {\\n\\","    background: #dde;\\n\\","    font-family: Arial, Helvetica, sans-serif;\\n\\","    margin: 2rem;\\n\\","}\\n\\","body > * {\\n\\","    margin-bottom: 1rem;\\n\\","}\\n\\",".utility2FooterDiv {\\n\\","    margin-top: 20px;\\n\\","    text-align: center;\\n\\","}\\n\\","</style>\\n\\","<style>\\n\\","/*csslint\\n\\","*/\\n\\","textarea {\\n\\","    font-family: monospace;\\n\\","    height: 10rem;\\n\\","    width: 100%;\\n\\","}\\n\\","textarea[readonly] {\\n\\","    background: #ddd;\\n\\","}\\n\\","</style>\\n\\","</head>\\n\\","<body>\\n\\","<!-- utility2-comment\\n\\","<div id=\"ajaxProgressDiv1\" style=\"background: #d00; height: 2px; left: 0; margin: 0; padding: 0; position: fixed; top: 0; transition: background 0.5s, width 1.5s; width: 25%;\"></div>\\n\\","utility2-comment -->\\n\\","<h1>\\n\\","<!-- utility2-comment\\n\\","    <a\\n\\","        {{#if env.npm_package_homepage}}\\n\\","        href=\"{{env.npm_package_homepage}}\"\\n\\","        {{/if env.npm_package_homepage}}\\n\\","        target=\"_blank\"\\n\\","    >\\n\\","utility2-comment -->\\n\\","        {{env.npm_package_name}} (v{{env.npm_package_version}})\\n\\","<!-- utility2-comment\\n\\","    </a>\\n\\","utility2-comment -->\\n\\","</h1>\\n\\","<h3>{{env.npm_package_description}}</h3>\\n\\","<!-- utility2-comment\\n\\","<h4><a download href=\"assets.app.js\">download standalone app</a></h4>\\n\\","<button class=\"onclick onreset\" id=\"testRunButton1\">run internal test</button><br>\\n\\","<div id=\"testReportDiv1\" style=\"display: none;\"></div>\\n\\","utility2-comment -->\\n\\","\\n\\","\\n\\","\\n\\","<label>stderr and stdout</label>\\n\\","<textarea class=\"resettable\" id=\"outputTextareaStdout1\" readonly></textarea>\\n\\","<!-- utility2-comment\\n\\","{{#if isRollup}}\\n\\","<script src=\"assets.app.js\"></script>\\n\\","{{#unless isRollup}}\\n\\","utility2-comment -->\\n\\","<script src=\"assets.utility2.rollup.js\"></script>\\n\\","<script src=\"jsonp.utility2._stateInit?callback=window.utility2._stateInit\"></script>\\n\\","<script src=\"assets.npmtest_log4js.rollup.js\"></script>\\n\\","<script src=\"assets.example.js\"></script>\\n\\","<script src=\"assets.test.js\"></script>\\n\\","<!-- utility2-comment\\n\\","{{/if isRollup}}\\n\\","utility2-comment -->\\n\\","<div class=\"utility2FooterDiv\">\\n\\","    [ this app was created with\\n\\","    <a href=\"https://github.com/kaizhu256/node-utility2\" target=\"_blank\">utility2</a>\\n\\","    ]\\n\\","</div>\\n\\","</body>\\n\\","</html>\\n\\","';","        /* jslint-ignore-end */","        if (local.templateRender) {","            local.assetsDict['/'] = local.templateRender(","                local.assetsDict['/assets.index.template.html'],","                {","                    env: local.objectSetDefault(local.env, {","                        npm_package_description: 'the greatest app in the world!',","                        npm_package_name: 'my-app',","                        npm_package_nameAlias: 'my_app',","                        npm_package_version: '0.0.1'","                    })","                }","            );","        } else {","            local.assetsDict['/'] = local.assetsDict['/assets.index.template.html']","                .replace((/\\{\\{env\\.(\\w+?)\\}\\}/g), function (match0, match1) {","                    // jslint-hack","                    String(match0);","                    switch (match1) {","                    case 'npm_package_description':","                        return 'the greatest app in the world!';","                    case 'npm_package_name':","                        return 'my-app';","                    case 'npm_package_nameAlias':","                        return 'my_app';","                    case 'npm_package_version':","                        return '0.0.1';","                    }","                });","        }","        // run the cli","        if (local.global.utility2_rollup || module !== require.main) {","            break;","        }","        local.assetsDict['/assets.example.js'] =","            local.assetsDict['/assets.example.js'] ||","            local.fs.readFileSync(__filename, 'utf8');","        local.assetsDict['/assets.npmtest_log4js.rollup.js'] =","            local.assetsDict['/assets.npmtest_log4js.rollup.js'] ||","            local.fs.readFileSync(","                // buildCustomOrg-hack","                local.npmtest_log4js.__dirname +","                    '/lib.npmtest_log4js.js',","                'utf8'","            ).replace((/^#!/), '//');","        local.assetsDict['/favicon.ico'] = local.assetsDict['/favicon.ico'] || '';","        // if $npm_config_timeout_exit exists,","        // then exit this process after $npm_config_timeout_exit ms","        if (Number(process.env.npm_config_timeout_exit)) {","            setTimeout(process.exit, Number(process.env.npm_config_timeout_exit));","        }","        // start server","        if (local.global.utility2_serverHttp1) {","            break;","        }","        process.env.PORT = process.env.PORT || '8081';","        console.error('server starting on port ' + process.env.PORT);","        local.http.createServer(function (request, response) {","            request.urlParsed = local.url.parse(request.url);","            if (local.assetsDict[request.urlParsed.pathname] !== undefined) {","                response.end(local.assetsDict[request.urlParsed.pathname]);","                return;","            }","            response.statusCode = 404;","            response.end();","        }).listen(process.env.PORT);","        break;","    }","}());",""],"l":{"26":2,"28":2,"33":2,"35":2,"37":2,"38":2,"39":2,"44":1,"51":2,"55":2,"59":2,"61":2,"69":1,"70":2,"76":2,"79":2,"82":2,"83":2,"85":1,"89":2,"92":1,"93":1,"94":1,"96":1,"97":1,"100":1,"101":1,"103":1,"106":1,"108":2,"114":1,"116":1,"118":1,"123":1,"124":2,"125":2,"126":2,"127":2,"128":2,"129":2,"130":1,"133":2,"134":2,"139":2,"143":1,"144":3,"145":1,"149":1,"150":1,"158":1,"160":1,"161":1,"162":1,"164":1,"166":1,"258":1,"259":1,"271":1,"274":6,"275":6,"277":1,"279":2,"281":1,"283":2,"288":1,"289":1,"291":1,"294":1,"302":1,"305":1,"306":1,"309":1,"310":1,"312":1,"313":1,"314":1,"315":1,"316":1,"317":1,"318":1,"320":1,"321":1,"323":1}},"/home/travis/build/npmtest/node-npmtest-log4js/node_modules/log4js/lib/log4js.js":{"path":"/home/travis/build/npmtest/node-npmtest-log4js/node_modules/log4js/lib/log4js.js","s":{"1":1,"2":1,"3":0,"4":1,"5":0,"6":0,"7":0,"8":0,"9":0,"10":0,"11":1,"12":0,"13":0,"14":0,"15":0,"16":0,"17":1,"18":0,"19":0,"20":0,"21":0,"22":0,"23":0,"24":0,"25":0,"26":0,"27":0,"28":0,"29":0,"30":0,"31":0,"32":0,"33":0,"34":0,"35":0,"36":0,"37":0,"38":0,"39":0,"40":1,"41":0,"42":1,"43":0,"44":0,"45":0,"46":1,"47":0,"48":0,"49":0,"50":1,"51":0,"52":0,"53":0,"54":0,"55":0,"56":0,"57":0,"58":0,"59":0,"60":0,"61":0,"62":0,"63":0,"64":0,"65":0,"66":0,"67":0,"68":0,"69":0,"70":0,"71":0,"72":0,"73":1,"74":1,"75":1,"76":1,"77":0,"78":1,"79":1,"80":1,"81":0,"82":1,"83":1,"84":1,"85":1,"86":0,"87":0,"88":0,"89":1,"90":1,"91":0,"92":0,"93":1,"94":1,"95":1,"96":1,"97":1,"98":1,"99":1,"100":1,"101":0,"102":0,"103":1,"104":1,"105":1,"106":1,"107":1,"108":1,"109":1,"110":1,"111":1,"112":1,"113":0,"114":1,"115":1,"116":1,"117":0,"118":0,"119":0,"120":0,"121":0,"122":0,"123":0,"124":0,"125":1,"126":0,"127":1,"128":0,"129":1,"130":1,"131":1,"132":0,"133":1,"134":1,"135":1,"136":1,"137":1,"138":1,"139":1,"140":1,"141":0,"142":0,"143":1,"144":0,"145":0,"146":0,"147":0,"148":0,"149":0,"150":1,"151":0,"152":0,"153":0,"154":0,"155":0,"156":1,"157":0,"158":0,"159":0,"160":0,"161":0,"162":0,"163":1,"164":1,"165":1,"166":1,"167":1,"168":1,"169":0,"170":1,"171":0,"172":0,"173":1,"174":1,"175":1,"176":1,"177":0,"178":0,"179":0,"180":0,"181":0,"182":1,"183":1,"184":5,"185":1,"186":1,"187":1,"188":1,"189":0,"190":1,"191":1,"192":1,"193":1,"194":0,"195":1,"196":1,"197":0,"198":1,"199":1,"200":0,"201":0,"202":0,"203":0,"204":0,"205":0,"206":0,"207":0,"208":0,"209":0,"210":0,"211":0,"212":0,"213":0,"214":0,"215":0,"216":0,"217":0,"218":1,"219":1},"b":{"1":[0,0],"2":[0,0],"3":[0,0],"4":[0,0],"5":[0,0],"6":[0,0],"7":[0,0],"8":[0,0],"9":[0,0],"10":[0,1],"11":[1,1],"12":[1,0],"13":[1,1],"14":[0,1],"15":[1,0],"16":[0,0],"17":[0,0],"18":[1,0],"19":[0,0],"20":[1,0],"21":[0,1],"22":[0,0],"23":[0,0],"24":[0,1],"25":[1,0],"26":[0,1],"27":[0,0],"28":[0,0],"29":[0,0],"30":[0,0],"31":[1,1],"32":[1,1],"33":[1,0],"34":[1,0,0],"35":[0,1],"36":[1,1],"37":[0,0],"38":[0,0],"39":[0,0],"40":[1,1],"41":[0,1],"42":[0,1],"43":[0,0],"44":[0,0],"45":[0,0],"46":[0,0],"47":[0,0]},"f":{"1":0,"2":0,"3":0,"4":0,"5":0,"6":0,"7":0,"8":0,"9":0,"10":0,"11":0,"12":0,"13":0,"14":0,"15":0,"16":0,"17":0,"18":1,"19":1,"20":1,"21":1,"22":1,"23":1,"24":1,"25":1,"26":0,"27":0,"28":1,"29":1,"30":0,"31":0,"32":0,"33":1,"34":0,"35":0,"36":0,"37":0,"38":1,"39":5,"40":1,"41":1,"42":0,"43":0,"44":0},"fnMap":{"1":{"name":"hasLogger","line":67,"loc":{"start":{"line":67,"column":0},"end":{"line":67,"column":27}}},"2":{"name":"(anonymous_2)","line":71,"loc":{"start":{"line":71,"column":17},"end":{"line":71,"column":46}}},"3":{"name":"(anonymous_3)","line":81,"loc":{"start":{"line":81,"column":18},"end":{"line":81,"column":37}}},"4":{"name":"getBufferedLogger","line":90,"loc":{"start":{"line":90,"column":0},"end":{"line":90,"column":41}}},"5":{"name":"(anonymous_5)","line":95,"loc":{"start":{"line":95,"column":19},"end":{"line":95,"column":31}}},"6":{"name":"(anonymous_6)","line":102,"loc":{"start":{"line":102,"column":19},"end":{"line":102,"column":38}}},"7":{"name":"(anonymous_7)","line":103,"loc":{"start":{"line":103,"column":19},"end":{"line":103,"column":38}}},"8":{"name":"(anonymous_8)","line":104,"loc":{"start":{"line":104,"column":18},"end":{"line":104,"column":37}}},"9":{"name":"(anonymous_9)","line":105,"loc":{"start":{"line":105,"column":18},"end":{"line":105,"column":37}}},"10":{"name":"(anonymous_10)","line":106,"loc":{"start":{"line":106,"column":19},"end":{"line":106,"column":38}}},"11":{"name":"(anonymous_11)","line":107,"loc":{"start":{"line":107,"column":19},"end":{"line":107,"column":38}}},"12":{"name":"normalizeCategory","line":112,"loc":{"start":{"line":112,"column":0},"end":{"line":112,"column":38}}},"13":{"name":"doesLevelEntryContainsLogger","line":116,"loc":{"start":{"line":116,"column":0},"end":{"line":116,"column":70}}},"14":{"name":"doesAppenderContainsLogger","line":122,"loc":{"start":{"line":122,"column":0},"end":{"line":122,"column":71}}},"15":{"name":"getLogger","line":135,"loc":{"start":{"line":135,"column":0},"end":{"line":135,"column":40}}},"16":{"name":"(anonymous_16)","line":170,"loc":{"start":{"line":170,"column":29},"end":{"line":170,"column":48}}},"17":{"name":"(anonymous_17)","line":179,"loc":{"start":{"line":179,"column":27},"end":{"line":179,"column":46}}},"18":{"name":"addAppender","line":191,"loc":{"start":{"line":191,"column":0},"end":{"line":191,"column":24}}},"19":{"name":"(anonymous_19)","line":207,"loc":{"start":{"line":207,"column":15},"end":{"line":207,"column":42}}},"20":{"name":"addAppenderToAllLoggers","line":224,"loc":{"start":{"line":224,"column":0},"end":{"line":224,"column":43}}},"21":{"name":"addAppenderToCategory","line":232,"loc":{"start":{"line":232,"column":0},"end":{"line":232,"column":51}}},"22":{"name":"clearAppenders","line":239,"loc":{"start":{"line":239,"column":0},"end":{"line":239,"column":27}}},"23":{"name":"configureAppenders","line":251,"loc":{"start":{"line":251,"column":0},"end":{"line":251,"column":51}}},"24":{"name":"(anonymous_24)","line":254,"loc":{"start":{"line":254,"column":25},"end":{"line":254,"column":50}}},"25":{"name":"configureLevels","line":268,"loc":{"start":{"line":268,"column":0},"end":{"line":268,"column":34}}},"26":{"name":"setGlobalLogLevel","line":288,"loc":{"start":{"line":288,"column":0},"end":{"line":288,"column":34}}},"27":{"name":"getDefaultLogger","line":297,"loc":{"start":{"line":297,"column":0},"end":{"line":297,"column":29}}},"28":{"name":"loadConfigurationFile","line":303,"loc":{"start":{"line":303,"column":0},"end":{"line":303,"column":41}}},"29":{"name":"configureOnceOff","line":310,"loc":{"start":{"line":310,"column":0},"end":{"line":310,"column":43}}},"30":{"name":"reloadConfiguration","line":329,"loc":{"start":{"line":329,"column":0},"end":{"line":329,"column":38}}},"31":{"name":"getMTime","line":339,"loc":{"start":{"line":339,"column":0},"end":{"line":339,"column":28}}},"32":{"name":"initReloadConfiguration","line":349,"loc":{"start":{"line":349,"column":0},"end":{"line":349,"column":52}}},"33":{"name":"configure","line":359,"loc":{"start":{"line":359,"column":0},"end":{"line":359,"column":55}}},"34":{"name":"replaceConsole","line":387,"loc":{"start":{"line":387,"column":0},"end":{"line":387,"column":32}}},"35":{"name":"replaceWith","line":388,"loc":{"start":{"line":388,"column":2},"end":{"line":388,"column":27}}},"36":{"name":"(anonymous_36)","line":389,"loc":{"start":{"line":389,"column":11},"end":{"line":389,"column":22}}},"37":{"name":"(anonymous_37)","line":394,"loc":{"start":{"line":394,"column":48},"end":{"line":394,"column":64}}},"38":{"name":"restoreConsole","line":399,"loc":{"start":{"line":399,"column":0},"end":{"line":399,"column":26}}},"39":{"name":"(anonymous_39)","line":400,"loc":{"start":{"line":400,"column":52},"end":{"line":400,"column":68}}},"40":{"name":"requireAppender","line":414,"loc":{"start":{"line":414,"column":0},"end":{"line":414,"column":35}}},"41":{"name":"loadAppender","line":434,"loc":{"start":{"line":434,"column":0},"end":{"line":434,"column":48}}},"42":{"name":"shutdown","line":457,"loc":{"start":{"line":457,"column":0},"end":{"line":457,"column":22}}},"43":{"name":"(anonymous_43)","line":471,"loc":{"start":{"line":471,"column":17},"end":{"line":471,"column":31}}},"44":{"name":"(anonymous_44)","line":486,"loc":{"start":{"line":486,"column":23},"end":{"line":486,"column":45}}}},"statementMap":{"1":{"start":{"line":46,"column":0},"end":{"line":65,"column":2}},"2":{"start":{"line":67,"column":0},"end":{"line":69,"column":1}},"3":{"start":{"line":68,"column":2},"end":{"line":68,"column":40}},"4":{"start":{"line":71,"column":0},"end":{"line":79,"column":2}},"5":{"start":{"line":72,"column":2},"end":{"line":72,"column":12}},"6":{"start":{"line":73,"column":2},"end":{"line":77,"column":3}},"7":{"start":{"line":74,"column":4},"end":{"line":74,"column":44}},"8":{"start":{"line":75,"column":4},"end":{"line":75,"column":51}},"9":{"start":{"line":76,"column":4},"end":{"line":76,"column":40}},"10":{"start":{"line":78,"column":2},"end":{"line":78,"column":15}},"11":{"start":{"line":81,"column":0},"end":{"line":88,"column":2}},"12":{"start":{"line":82,"column":2},"end":{"line":82,"column":12}},"13":{"start":{"line":83,"column":2},"end":{"line":86,"column":3}},"14":{"start":{"line":84,"column":4},"end":{"line":84,"column":44}},"15":{"start":{"line":85,"column":4},"end":{"line":85,"column":37}},"16":{"start":{"line":87,"column":2},"end":{"line":87,"column":15}},"17":{"start":{"line":90,"column":0},"end":{"line":110,"column":1}},"18":{"start":{"line":91,"column":4},"end":{"line":91,"column":46}},"19":{"start":{"line":92,"column":4},"end":{"line":92,"column":20}},"20":{"start":{"line":93,"column":4},"end":{"line":93,"column":21}},"21":{"start":{"line":94,"column":4},"end":{"line":94,"column":32}},"22":{"start":{"line":95,"column":4},"end":{"line":101,"column":6}},"23":{"start":{"line":96,"column":8},"end":{"line":100,"column":9}},"24":{"start":{"line":97,"column":12},"end":{"line":97,"column":37}},"25":{"start":{"line":98,"column":12},"end":{"line":98,"column":50}},"26":{"start":{"line":99,"column":12},"end":{"line":99,"column":34}},"27":{"start":{"line":102,"column":4},"end":{"line":102,"column":96}},"28":{"start":{"line":102,"column":40},"end":{"line":102,"column":93}},"29":{"start":{"line":103,"column":4},"end":{"line":103,"column":96}},"30":{"start":{"line":103,"column":40},"end":{"line":103,"column":93}},"31":{"start":{"line":104,"column":4},"end":{"line":104,"column":94}},"32":{"start":{"line":104,"column":39},"end":{"line":104,"column":91}},"33":{"start":{"line":105,"column":4},"end":{"line":105,"column":94}},"34":{"start":{"line":105,"column":39},"end":{"line":105,"column":91}},"35":{"start":{"line":106,"column":4},"end":{"line":106,"column":96}},"36":{"start":{"line":106,"column":40},"end":{"line":106,"column":93}},"37":{"start":{"line":107,"column":4},"end":{"line":107,"column":96}},"38":{"start":{"line":107,"column":40},"end":{"line":107,"column":93}},"39":{"start":{"line":109,"column":4},"end":{"line":109,"column":18}},"40":{"start":{"line":112,"column":0},"end":{"line":114,"column":1}},"41":{"start":{"line":113,"column":2},"end":{"line":113,"column":25}},"42":{"start":{"line":116,"column":0},"end":{"line":120,"column":1}},"43":{"start":{"line":117,"column":2},"end":{"line":117,"column":65}},"44":{"start":{"line":118,"column":2},"end":{"line":118,"column":67}},"45":{"start":{"line":119,"column":2},"end":{"line":119,"column":106}},"46":{"start":{"line":122,"column":0},"end":{"line":126,"column":1}},"47":{"start":{"line":123,"column":2},"end":{"line":123,"column":71}},"48":{"start":{"line":124,"column":2},"end":{"line":124,"column":67}},"49":{"start":{"line":125,"column":2},"end":{"line":125,"column":112}},"50":{"start":{"line":135,"column":0},"end":{"line":186,"column":1}},"51":{"start":{"line":138,"column":2},"end":{"line":140,"column":3}},"52":{"start":{"line":139,"column":4},"end":{"line":139,"column":49}},"53":{"start":{"line":142,"column":2},"end":{"line":183,"column":3}},"54":{"start":{"line":144,"column":4},"end":{"line":144,"column":14}},"55":{"start":{"line":148,"column":4},"end":{"line":159,"column":5}},"56":{"start":{"line":151,"column":6},"end":{"line":151,"column":51}},"57":{"start":{"line":152,"column":6},"end":{"line":158,"column":7}},"58":{"start":{"line":153,"column":8},"end":{"line":153,"column":38}},"59":{"start":{"line":154,"column":8},"end":{"line":157,"column":9}},"60":{"start":{"line":156,"column":10},"end":{"line":156,"column":47}},"61":{"start":{"line":163,"column":4},"end":{"line":163,"column":72}},"62":{"start":{"line":166,"column":4},"end":{"line":166,"column":21}},"63":{"start":{"line":167,"column":4},"end":{"line":174,"column":5}},"64":{"start":{"line":168,"column":6},"end":{"line":173,"column":7}},"65":{"start":{"line":169,"column":8},"end":{"line":169,"column":51}},"66":{"start":{"line":170,"column":8},"end":{"line":172,"column":11}},"67":{"start":{"line":171,"column":10},"end":{"line":171,"column":67}},"68":{"start":{"line":177,"column":4},"end":{"line":182,"column":5}},"69":{"start":{"line":178,"column":6},"end":{"line":178,"column":47}},"70":{"start":{"line":179,"column":6},"end":{"line":181,"column":9}},"71":{"start":{"line":180,"column":8},"end":{"line":180,"column":65}},"72":{"start":{"line":185,"column":2},"end":{"line":185,"column":37}},"73":{"start":{"line":191,"column":0},"end":{"line":222,"column":1}},"74":{"start":{"line":192,"column":2},"end":{"line":192,"column":51}},"75":{"start":{"line":193,"column":2},"end":{"line":193,"column":30}},"76":{"start":{"line":195,"column":2},"end":{"line":197,"column":3}},"77":{"start":{"line":196,"column":4},"end":{"line":196,"column":47}},"78":{"start":{"line":199,"column":2},"end":{"line":201,"column":3}},"79":{"start":{"line":200,"column":4},"end":{"line":200,"column":30}},"80":{"start":{"line":203,"column":2},"end":{"line":205,"column":3}},"81":{"start":{"line":204,"column":4},"end":{"line":204,"column":19}},"82":{"start":{"line":207,"column":2},"end":{"line":221,"column":5}},"83":{"start":{"line":208,"column":4},"end":{"line":208,"column":54}},"84":{"start":{"line":210,"column":4},"end":{"line":220,"column":5}},"85":{"start":{"line":211,"column":6},"end":{"line":211,"column":40}},"86":{"start":{"line":214,"column":6},"end":{"line":218,"column":7}},"87":{"start":{"line":215,"column":8},"end":{"line":217,"column":9}},"88":{"start":{"line":216,"column":10},"end":{"line":216,"column":63}},"89":{"start":{"line":224,"column":0},"end":{"line":230,"column":1}},"90":{"start":{"line":225,"column":2},"end":{"line":229,"column":3}},"91":{"start":{"line":226,"column":4},"end":{"line":228,"column":5}},"92":{"start":{"line":227,"column":6},"end":{"line":227,"column":51}},"93":{"start":{"line":232,"column":0},"end":{"line":237,"column":1}},"94":{"start":{"line":233,"column":2},"end":{"line":235,"column":3}},"95":{"start":{"line":234,"column":4},"end":{"line":234,"column":29}},"96":{"start":{"line":236,"column":2},"end":{"line":236,"column":37}},"97":{"start":{"line":239,"column":0},"end":{"line":249,"column":1}},"98":{"start":{"line":242,"column":2},"end":{"line":242,"column":36}},"99":{"start":{"line":243,"column":2},"end":{"line":243,"column":17}},"100":{"start":{"line":244,"column":2},"end":{"line":248,"column":3}},"101":{"start":{"line":245,"column":4},"end":{"line":247,"column":5}},"102":{"start":{"line":246,"column":6},"end":{"line":246,"column":48}},"103":{"start":{"line":251,"column":0},"end":{"line":266,"column":1}},"104":{"start":{"line":252,"column":2},"end":{"line":252,"column":19}},"105":{"start":{"line":253,"column":2},"end":{"line":265,"column":3}},"106":{"start":{"line":254,"column":4},"end":{"line":264,"column":7}},"107":{"start":{"line":255,"column":6},"end":{"line":255,"column":40}},"108":{"start":{"line":256,"column":6},"end":{"line":256,"column":19}},"109":{"start":{"line":257,"column":6},"end":{"line":257,"column":45}},"110":{"start":{"line":258,"column":6},"end":{"line":263,"column":7}},"111":{"start":{"line":259,"column":8},"end":{"line":259,"column":80}},"112":{"start":{"line":260,"column":8},"end":{"line":260,"column":55}},"113":{"start":{"line":262,"column":8},"end":{"line":262,"column":95}},"114":{"start":{"line":268,"column":0},"end":{"line":286,"column":1}},"115":{"start":{"line":269,"column":2},"end":{"line":269,"column":26}},"116":{"start":{"line":270,"column":2},"end":{"line":285,"column":3}},"117":{"start":{"line":271,"column":4},"end":{"line":271,"column":49}},"118":{"start":{"line":272,"column":4},"end":{"line":284,"column":5}},"119":{"start":{"line":273,"column":6},"end":{"line":273,"column":31}},"120":{"start":{"line":274,"column":6},"end":{"line":276,"column":7}},"121":{"start":{"line":275,"column":8},"end":{"line":275,"column":45}},"122":{"start":{"line":278,"column":6},"end":{"line":282,"column":7}},"123":{"start":{"line":279,"column":8},"end":{"line":281,"column":9}},"124":{"start":{"line":280,"column":10},"end":{"line":280,"column":62}},"125":{"start":{"line":288,"column":0},"end":{"line":290,"column":1}},"126":{"start":{"line":289,"column":2},"end":{"line":289,"column":63}},"127":{"start":{"line":297,"column":0},"end":{"line":299,"column":1}},"128":{"start":{"line":298,"column":2},"end":{"line":298,"column":44}},"129":{"start":{"line":301,"column":0},"end":{"line":301,"column":21}},"130":{"start":{"line":303,"column":0},"end":{"line":308,"column":1}},"131":{"start":{"line":304,"column":2},"end":{"line":306,"column":3}},"132":{"start":{"line":305,"column":4},"end":{"line":305,"column":57}},"133":{"start":{"line":307,"column":2},"end":{"line":307,"column":19}},"134":{"start":{"line":310,"column":0},"end":{"line":327,"column":1}},"135":{"start":{"line":311,"column":2},"end":{"line":326,"column":3}},"136":{"start":{"line":312,"column":4},"end":{"line":325,"column":5}},"137":{"start":{"line":313,"column":6},"end":{"line":313,"column":23}},"138":{"start":{"line":314,"column":6},"end":{"line":314,"column":37}},"139":{"start":{"line":315,"column":6},"end":{"line":315,"column":52}},"140":{"start":{"line":317,"column":6},"end":{"line":319,"column":7}},"141":{"start":{"line":318,"column":8},"end":{"line":318,"column":25}},"142":{"start":{"line":321,"column":6},"end":{"line":324,"column":8}},"143":{"start":{"line":329,"column":0},"end":{"line":337,"column":1}},"144":{"start":{"line":330,"column":2},"end":{"line":330,"column":45}},"145":{"start":{"line":331,"column":2},"end":{"line":331,"column":21}},"146":{"start":{"line":331,"column":14},"end":{"line":331,"column":21}},"147":{"start":{"line":333,"column":2},"end":{"line":335,"column":3}},"148":{"start":{"line":334,"column":4},"end":{"line":334,"column":75}},"149":{"start":{"line":336,"column":2},"end":{"line":336,"column":32}},"150":{"start":{"line":339,"column":0},"end":{"line":347,"column":1}},"151":{"start":{"line":340,"column":2},"end":{"line":340,"column":12}},"152":{"start":{"line":341,"column":2},"end":{"line":345,"column":3}},"153":{"start":{"line":342,"column":4},"end":{"line":342,"column":52}},"154":{"start":{"line":344,"column":4},"end":{"line":344,"column":78}},"155":{"start":{"line":346,"column":2},"end":{"line":346,"column":15}},"156":{"start":{"line":349,"column":0},"end":{"line":357,"column":1}},"157":{"start":{"line":350,"column":2},"end":{"line":353,"column":3}},"158":{"start":{"line":351,"column":4},"end":{"line":351,"column":39}},"159":{"start":{"line":352,"column":4},"end":{"line":352,"column":31}},"160":{"start":{"line":354,"column":2},"end":{"line":354,"column":34}},"161":{"start":{"line":355,"column":2},"end":{"line":355,"column":45}},"162":{"start":{"line":356,"column":2},"end":{"line":356,"column":91}},"163":{"start":{"line":359,"column":0},"end":{"line":377,"column":1}},"164":{"start":{"line":360,"column":2},"end":{"line":360,"column":41}},"165":{"start":{"line":361,"column":2},"end":{"line":361,"column":47}},"166":{"start":{"line":362,"column":2},"end":{"line":362,"column":26}},"167":{"start":{"line":364,"column":2},"end":{"line":375,"column":3}},"168":{"start":{"line":365,"column":4},"end":{"line":367,"column":5}},"169":{"start":{"line":366,"column":6},"end":{"line":366,"column":47}},"170":{"start":{"line":368,"column":4},"end":{"line":368,"column":60}},"171":{"start":{"line":370,"column":4},"end":{"line":374,"column":5}},"172":{"start":{"line":371,"column":6},"end":{"line":373,"column":8}},"173":{"start":{"line":376,"column":2},"end":{"line":376,"column":36}},"174":{"start":{"line":379,"column":0},"end":{"line":385,"column":2}},"175":{"start":{"line":387,"column":0},"end":{"line":397,"column":1}},"176":{"start":{"line":388,"column":2},"end":{"line":392,"column":3}},"177":{"start":{"line":389,"column":4},"end":{"line":391,"column":6}},"178":{"start":{"line":390,"column":6},"end":{"line":390,"column":34}},"179":{"start":{"line":393,"column":2},"end":{"line":393,"column":42}},"180":{"start":{"line":394,"column":2},"end":{"line":396,"column":5}},"181":{"start":{"line":395,"column":4},"end":{"line":395,"column":77}},"182":{"start":{"line":399,"column":0},"end":{"line":403,"column":1}},"183":{"start":{"line":400,"column":2},"end":{"line":402,"column":5}},"184":{"start":{"line":401,"column":4},"end":{"line":401,"column":51}},"185":{"start":{"line":414,"column":0},"end":{"line":422,"column":1}},"186":{"start":{"line":415,"column":2},"end":{"line":415,"column":21}},"187":{"start":{"line":416,"column":2},"end":{"line":420,"column":3}},"188":{"start":{"line":417,"column":4},"end":{"line":417,"column":56}},"189":{"start":{"line":419,"column":4},"end":{"line":419,"column":39}},"190":{"start":{"line":421,"column":2},"end":{"line":421,"column":24}},"191":{"start":{"line":434,"column":0},"end":{"line":446,"column":1}},"192":{"start":{"line":435,"column":2},"end":{"line":435,"column":63}},"193":{"start":{"line":437,"column":2},"end":{"line":439,"column":3}},"194":{"start":{"line":438,"column":4},"end":{"line":438,"column":74}},"195":{"start":{"line":441,"column":2},"end":{"line":441,"column":84}},"196":{"start":{"line":442,"column":2},"end":{"line":444,"column":3}},"197":{"start":{"line":443,"column":4},"end":{"line":443,"column":79}},"198":{"start":{"line":445,"column":2},"end":{"line":445,"column":75}},"199":{"start":{"line":457,"column":0},"end":{"line":487,"column":1}},"200":{"start":{"line":460,"column":2},"end":{"line":460,"column":37}},"201":{"start":{"line":463,"column":2},"end":{"line":465,"column":3}},"202":{"start":{"line":464,"column":4},"end":{"line":464,"column":39}},"203":{"start":{"line":468,"column":2},"end":{"line":468,"column":20}},"204":{"start":{"line":469,"column":2},"end":{"line":469,"column":12}},"205":{"start":{"line":470,"column":2},"end":{"line":470,"column":24}},"206":{"start":{"line":471,"column":2},"end":{"line":477,"column":4}},"207":{"start":{"line":472,"column":4},"end":{"line":472,"column":25}},"208":{"start":{"line":473,"column":4},"end":{"line":473,"column":16}},"209":{"start":{"line":474,"column":4},"end":{"line":476,"column":5}},"210":{"start":{"line":475,"column":6},"end":{"line":475,"column":16}},"211":{"start":{"line":478,"column":2},"end":{"line":482,"column":3}},"212":{"start":{"line":479,"column":4},"end":{"line":481,"column":5}},"213":{"start":{"line":480,"column":6},"end":{"line":480,"column":53}},"214":{"start":{"line":483,"column":2},"end":{"line":485,"column":3}},"215":{"start":{"line":484,"column":4},"end":{"line":484,"column":16}},"216":{"start":{"line":486,"column":2},"end":{"line":486,"column":73}},"217":{"start":{"line":486,"column":47},"end":{"line":486,"column":69}},"218":{"start":{"line":489,"column":0},"end":{"line":511,"column":2}},"219":{"start":{"line":514,"column":0},"end":{"line":514,"column":12}}},"branchMap":{"1":{"line":73,"type":"if","locations":[{"start":{"line":73,"column":2},"end":{"line":73,"column":2}},{"start":{"line":73,"column":2},"end":{"line":73,"column":2}}]},"2":{"line":73,"type":"binary-expr","locations":[{"start":{"line":73,"column":6},"end":{"line":73,"column":34}},{"start":{"line":73,"column":38},"end":{"line":73,"column":66}}]},"3":{"line":83,"type":"if","locations":[{"start":{"line":83,"column":2},"end":{"line":83,"column":2}},{"start":{"line":83,"column":2},"end":{"line":83,"column":2}}]},"4":{"line":138,"type":"if","locations":[{"start":{"line":138,"column":2},"end":{"line":138,"column":2}},{"start":{"line":138,"column":2},"end":{"line":138,"column":2}}]},"5":{"line":142,"type":"if","locations":[{"start":{"line":142,"column":2},"end":{"line":142,"column":2}},{"start":{"line":142,"column":2},"end":{"line":142,"column":2}}]},"6":{"line":148,"type":"if","locations":[{"start":{"line":148,"column":4},"end":{"line":148,"column":4}},{"start":{"line":148,"column":4},"end":{"line":148,"column":4}}]},"7":{"line":154,"type":"if","locations":[{"start":{"line":154,"column":8},"end":{"line":154,"column":8}},{"start":{"line":154,"column":8},"end":{"line":154,"column":8}}]},"8":{"line":168,"type":"if","locations":[{"start":{"line":168,"column":6},"end":{"line":168,"column":6}},{"start":{"line":168,"column":6},"end":{"line":168,"column":6}}]},"9":{"line":177,"type":"if","locations":[{"start":{"line":177,"column":4},"end":{"line":177,"column":4}},{"start":{"line":177,"column":4},"end":{"line":177,"column":4}}]},"10":{"line":195,"type":"if","locations":[{"start":{"line":195,"column":2},"end":{"line":195,"column":2}},{"start":{"line":195,"column":2},"end":{"line":195,"column":2}}]},"11":{"line":195,"type":"binary-expr","locations":[{"start":{"line":195,"column":6},"end":{"line":195,"column":21}},{"start":{"line":195,"column":25},"end":{"line":195,"column":54}}]},"12":{"line":199,"type":"if","locations":[{"start":{"line":199,"column":2},"end":{"line":199,"column":2}},{"start":{"line":199,"column":2},"end":{"line":199,"column":2}}]},"13":{"line":199,"type":"binary-expr","locations":[{"start":{"line":199,"column":6},"end":{"line":199,"column":23}},{"start":{"line":199,"column":27},"end":{"line":199,"column":48}}]},"14":{"line":203,"type":"if","locations":[{"start":{"line":203,"column":2},"end":{"line":203,"column":2}},{"start":{"line":203,"column":2},"end":{"line":203,"column":2}}]},"15":{"line":210,"type":"if","locations":[{"start":{"line":210,"column":4},"end":{"line":210,"column":4}},{"start":{"line":210,"column":4},"end":{"line":210,"column":4}}]},"16":{"line":215,"type":"if","locations":[{"start":{"line":215,"column":8},"end":{"line":215,"column":8}},{"start":{"line":215,"column":8},"end":{"line":215,"column":8}}]},"17":{"line":226,"type":"if","locations":[{"start":{"line":226,"column":4},"end":{"line":226,"column":4}},{"start":{"line":226,"column":4},"end":{"line":226,"column":4}}]},"18":{"line":233,"type":"if","locations":[{"start":{"line":233,"column":2},"end":{"line":233,"column":2}},{"start":{"line":233,"column":2},"end":{"line":233,"column":2}}]},"19":{"line":245,"type":"if","locations":[{"start":{"line":245,"column":4},"end":{"line":245,"column":4}},{"start":{"line":245,"column":4},"end":{"line":245,"column":4}}]},"20":{"line":253,"type":"if","locations":[{"start":{"line":253,"column":2},"end":{"line":253,"column":2}},{"start":{"line":253,"column":2},"end":{"line":253,"column":2}}]},"21":{"line":270,"type":"if","locations":[{"start":{"line":270,"column":2},"end":{"line":270,"column":2}},{"start":{"line":270,"column":2},"end":{"line":270,"column":2}}]},"22":{"line":274,"type":"if","locations":[{"start":{"line":274,"column":6},"end":{"line":274,"column":6}},{"start":{"line":274,"column":6},"end":{"line":274,"column":6}}]},"23":{"line":279,"type":"if","locations":[{"start":{"line":279,"column":8},"end":{"line":279,"column":8}},{"start":{"line":279,"column":8},"end":{"line":279,"column":8}}]},"24":{"line":304,"type":"if","locations":[{"start":{"line":304,"column":2},"end":{"line":304,"column":2}},{"start":{"line":304,"column":2},"end":{"line":304,"column":2}}]},"25":{"line":311,"type":"if","locations":[{"start":{"line":311,"column":2},"end":{"line":311,"column":2}},{"start":{"line":311,"column":2},"end":{"line":311,"column":2}}]},"26":{"line":317,"type":"if","locations":[{"start":{"line":317,"column":6},"end":{"line":317,"column":6}},{"start":{"line":317,"column":6},"end":{"line":317,"column":6}}]},"27":{"line":331,"type":"if","locations":[{"start":{"line":331,"column":2},"end":{"line":331,"column":2}},{"start":{"line":331,"column":2},"end":{"line":331,"column":2}}]},"28":{"line":333,"type":"if","locations":[{"start":{"line":333,"column":2},"end":{"line":333,"column":2}},{"start":{"line":333,"column":2},"end":{"line":333,"column":2}}]},"29":{"line":333,"type":"binary-expr","locations":[{"start":{"line":333,"column":6},"end":{"line":333,"column":27}},{"start":{"line":333,"column":32},"end":{"line":333,"column":81}}]},"30":{"line":350,"type":"if","locations":[{"start":{"line":350,"column":2},"end":{"line":350,"column":2}},{"start":{"line":350,"column":2},"end":{"line":350,"column":2}}]},"31":{"line":361,"type":"binary-expr","locations":[{"start":{"line":361,"column":11},"end":{"line":361,"column":17}},{"start":{"line":361,"column":21},"end":{"line":361,"column":46}}]},"32":{"line":362,"type":"binary-expr","locations":[{"start":{"line":362,"column":12},"end":{"line":362,"column":19}},{"start":{"line":362,"column":23},"end":{"line":362,"column":25}}]},"33":{"line":364,"type":"if","locations":[{"start":{"line":364,"column":2},"end":{"line":364,"column":2}},{"start":{"line":364,"column":2},"end":{"line":364,"column":2}}]},"34":{"line":364,"type":"binary-expr","locations":[{"start":{"line":364,"column":6},"end":{"line":364,"column":26}},{"start":{"line":364,"column":30},"end":{"line":364,"column":45}},{"start":{"line":364,"column":49},"end":{"line":364,"column":76}}]},"35":{"line":365,"type":"if","locations":[{"start":{"line":365,"column":4},"end":{"line":365,"column":4}},{"start":{"line":365,"column":4},"end":{"line":365,"column":4}}]},"36":{"line":368,"type":"binary-expr","locations":[{"start":{"line":368,"column":13},"end":{"line":368,"column":42}},{"start":{"line":368,"column":46},"end":{"line":368,"column":59}}]},"37":{"line":370,"type":"if","locations":[{"start":{"line":370,"column":4},"end":{"line":370,"column":4}},{"start":{"line":370,"column":4},"end":{"line":370,"column":4}}]},"38":{"line":393,"type":"binary-expr","locations":[{"start":{"line":393,"column":11},"end":{"line":393,"column":17}},{"start":{"line":393,"column":21},"end":{"line":393,"column":41}}]},"39":{"line":395,"type":"cond-expr","locations":[{"start":{"line":395,"column":49},"end":{"line":395,"column":60}},{"start":{"line":395,"column":63},"end":{"line":395,"column":75}}]},"40":{"line":435,"type":"binary-expr","locations":[{"start":{"line":435,"column":19},"end":{"line":435,"column":33}},{"start":{"line":435,"column":37},"end":{"line":435,"column":62}}]},"41":{"line":437,"type":"if","locations":[{"start":{"line":437,"column":2},"end":{"line":437,"column":2}},{"start":{"line":437,"column":2},"end":{"line":437,"column":2}}]},"42":{"line":442,"type":"if","locations":[{"start":{"line":442,"column":2},"end":{"line":442,"column":2}},{"start":{"line":442,"column":2},"end":{"line":442,"column":2}}]},"43":{"line":463,"type":"if","locations":[{"start":{"line":463,"column":2},"end":{"line":463,"column":2}},{"start":{"line":463,"column":2},"end":{"line":463,"column":2}}]},"44":{"line":472,"type":"binary-expr","locations":[{"start":{"line":472,"column":12},"end":{"line":472,"column":17}},{"start":{"line":472,"column":21},"end":{"line":472,"column":24}}]},"45":{"line":474,"type":"if","locations":[{"start":{"line":474,"column":4},"end":{"line":474,"column":4}},{"start"
[...]
umn":88}},"67":{"start":{"line":160,"column":2},"end":{"line":167,"column":4}},"68":{"start":{"line":168,"column":2},"end":{"line":170,"column":7}},"69":{"start":{"line":169,"column":4},"end":{"line":169,"column":44}},"70":{"start":{"line":171,"column":2},"end":{"line":175,"column":7}},"71":{"start":{"line":172,"column":4},"end":{"line":174,"column":48}},"72":{"start":{"line":177,"column":2},"end":{"line":177,"column":67}},"73":{"start":{"line":190,"column":0},"end":{"line":192,"column":1}},"74":{"start":{"line":191,"column":2},"end":{"line":191,"column":36}},"75":{"start":{"line":203,"column":0},"end":{"line":208,"column":1}},"76":{"start":{"line":204,"column":2},"end":{"line":206,"column":3}},"77":{"start":{"line":205,"column":4},"end":{"line":205,"column":62}},"78":{"start":{"line":207,"column":2},"end":{"line":207,"column":13}},"79":{"start":{"line":237,"column":0},"end":{"line":260,"column":1}},"80":{"start":{"line":238,"column":2},"end":{"line":238,"column":20}},"81":{"start":{"line":240,"column":1},"end":{"line":257,"column":3}},"82":{"start":{"line":241,"column":4},"end":{"line":243,"column":5}},"83":{"start":{"line":242,"column":6},"end":{"line":242,"column":21}},"84":{"start":{"line":245,"column":4},"end":{"line":247,"column":5}},"85":{"start":{"line":246,"column":6},"end":{"line":246,"column":33}},"86":{"start":{"line":249,"column":4},"end":{"line":256,"column":5}},"87":{"start":{"line":250,"column":6},"end":{"line":254,"column":8}},"88":{"start":{"line":252,"column":10},"end":{"line":252,"column":41}},"89":{"start":{"line":255,"column":6},"end":{"line":255,"column":54}},"90":{"start":{"line":259,"column":2},"end":{"line":259,"column":16}},"91":{"start":{"line":262,"column":0},"end":{"line":262,"column":34}}},"branchMap":{"1":{"line":35,"type":"if","locations":[{"start":{"line":35,"column":1},"end":{"line":35,"column":1}},{"start":{"line":35,"column":1},"end":{"line":35,"column":1}}]},"2":{"line":36,"type":"binary-expr","locations":[{"start":{"line":36,"column":12},"end":{"line":36,"column":19}},{"start":{"line":36,"column":23},"end":{"line":36,"column":25}}]},"3":{"line":37,"type":"if","locations":[{"start":{"line":37,"column":8},"end":{"line":37,"column":8}},{"start":{"line":37,"column":8},"end":{"line":37,"column":8}}]},"4":{"line":45,"type":"binary-expr","locations":[{"start":{"line":45,"column":10},"end":{"line":45,"column":24}},{"start":{"line":45,"column":28},"end":{"line":45,"column":42}}]},"5":{"line":46,"type":"cond-expr","locations":[{"start":{"line":46,"column":28},"end":{"line":46,"column":63}},{"start":{"line":46,"column":66},"end":{"line":46,"column":70}}]},"6":{"line":50,"type":"if","locations":[{"start":{"line":50,"column":4},"end":{"line":50,"column":4}},{"start":{"line":50,"column":4},"end":{"line":50,"column":4}}]},"7":{"line":53,"type":"if","locations":[{"start":{"line":53,"column":2},"end":{"line":53,"column":2}},{"start":{"line":53,"column":2},"end":{"line":53,"column":2}}]},"8":{"line":53,"type":"binary-expr","locations":[{"start":{"line":53,"column":6},"end":{"line":53,"column":11}},{"start":{"line":53,"column":15},"end":{"line":53,"column":42}}]},"9":{"line":54,"type":"if","locations":[{"start":{"line":54,"column":2},"end":{"line":54,"column":2}},{"start":{"line":54,"column":2},"end":{"line":54,"column":2}}]},"10":{"line":54,"type":"binary-expr","locations":[{"start":{"line":54,"column":6},"end":{"line":54,"column":38}},{"start":{"line":54,"column":42},"end":{"line":54,"column":66}}]},"11":{"line":69,"type":"binary-expr","locations":[{"start":{"line":69,"column":20},"end":{"line":69,"column":27}},{"start":{"line":69,"column":31},"end":{"line":69,"column":33}}]},"12":{"line":72,"type":"if","locations":[{"start":{"line":72,"column":4},"end":{"line":72,"column":4}},{"start":{"line":72,"column":4},"end":{"line":72,"column":4}}]},"13":{"line":74,"type":"if","locations":[{"start":{"line":74,"column":5},"end":{"line":74,"column":5}},{"start":{"line":74,"column":5},"end":{"line":74,"column":5}}]},"14":{"line":75,"type":"if","locations":[{"start":{"line":75,"column":5},"end":{"line":75,"column":5}},{"start":{"line":75,"column":5},"end":{"line":75,"column":5}}]},"15":{"line":85,"type":"if","locations":[{"start":{"line":85,"column":4},"end":{"line":85,"column":4}},{"start":{"line":85,"column":4},"end":{"line":85,"column":4}}]},"16":{"line":85,"type":"binary-expr","locations":[{"start":{"line":85,"column":7},"end":{"line":85,"column":21}},{"start":{"line":85,"column":25},"end":{"line":85,"column":49}}]},"17":{"line":87,"type":"if","locations":[{"start":{"line":87,"column":5},"end":{"line":87,"column":5}},{"start":{"line":87,"column":5},"end":{"line":87,"column":5}}]},"18":{"line":88,"type":"if","locations":[{"start":{"line":88,"column":5},"end":{"line":88,"column":5}},{"start":{"line":88,"column":5},"end":{"line":88,"column":5}}]},"19":{"line":90,"type":"if","locations":[{"start":{"line":90,"column":4},"end":{"line":90,"column":4}},{"start":{"line":90,"column":4},"end":{"line":90,"column":4}}]},"20":{"line":91,"type":"binary-expr","locations":[{"start":{"line":91,"column":58},"end":{"line":91,"column":72}},{"start":{"line":91,"column":76},"end":{"line":91,"column":78}}]},"21":{"line":92,"type":"if","locations":[{"start":{"line":92,"column":5},"end":{"line":92,"column":5}},{"start":{"line":92,"column":5},"end":{"line":92,"column":5}}]},"22":{"line":94,"type":"if","locations":[{"start":{"line":94,"column":6},"end":{"line":94,"column":6}},{"start":{"line":94,"column":6},"end":{"line":94,"column":6}}]},"23":{"line":122,"type":"if","locations":[{"start":{"line":122,"column":8},"end":{"line":122,"column":8}},{"start":{"line":122,"column":8},"end":{"line":122,"column":8}}]},"24":{"line":135,"type":"binary-expr","locations":[{"start":{"line":135,"column":55},"end":{"line":135,"column":71}},{"start":{"line":135,"column":75},"end":{"line":135,"column":89}}]},"25":{"line":140,"type":"binary-expr","locations":[{"start":{"line":140,"column":17},"end":{"line":140,"column":36}},{"start":{"line":140,"column":40},"end":{"line":140,"column":60}},{"start":{"line":140,"column":64},"end":{"line":140,"column":66}}]},"26":{"line":149,"type":"binary-expr","locations":[{"start":{"line":149,"column":6},"end":{"line":149,"column":36}},{"start":{"line":150,"column":6},"end":{"line":150,"column":12}},{"start":{"line":151,"column":6},"end":{"line":151,"column":24}},{"start":{"line":152,"column":7},"end":{"line":152,"column":17}},{"start":{"line":153,"column":9},"end":{"line":153,"column":33}},{"start":{"line":154,"column":11},"end":{"line":154,"column":28}},{"start":{"line":154,"column":32},"end":{"line":154,"column":63}}]},"27":{"line":163,"type":"binary-expr","locations":[{"start":{"line":163,"column":7},"end":{"line":163,"column":19}},{"start":{"line":163,"column":23},"end":{"line":163,"column":53}},{"start":{"line":164,"column":7},"end":{"line":164,"column":20}},{"start":{"line":164,"column":24},"end":{"line":164,"column":55}},{"start":{"line":165,"column":6},"end":{"line":165,"column":9}}]},"28":{"line":172,"type":"cond-expr","locations":[{"start":{"line":173,"column":7},"end":{"line":173,"column":64}},{"start":{"line":174,"column":9},"end":{"line":174,"column":46}}]},"29":{"line":173,"type":"binary-expr","locations":[{"start":{"line":173,"column":7},"end":{"line":173,"column":40}},{"start":{"line":173,"column":44},"end":{"line":173,"column":64}}]},"30":{"line":174,"type":"binary-expr","locations":[{"start":{"line":174,"column":9},"end":{"line":174,"column":22}},{"start":{"line":174,"column":26},"end":{"line":174,"column":46}}]},"31":{"line":191,"type":"binary-expr","locations":[{"start":{"line":191,"column":9},"end":{"line":191,"column":24}},{"start":{"line":191,"column":28},"end":{"line":191,"column":35}}]},"32":{"line":240,"type":"if","locations":[{"start":{"line":240,"column":1},"end":{"line":240,"column":1}},{"start":{"line":240,"column":1},"end":{"line":240,"column":1}}]},"33":{"line":241,"type":"if","locations":[{"start":{"line":241,"column":4},"end":{"line":241,"column":4}},{"start":{"line":241,"column":4},"end":{"line":241,"column":4}}]},"34":{"line":245,"type":"if","locations":[{"start":{"line":245,"column":4},"end":{"line":245,"column":4}},{"start":{"line":245,"column":4},"end":{"line":245,"column":4}}]},"35":{"line":249,"type":"if","locations":[{"start":{"line":249,"column":4},"end":{"line":249,"column":4}},{"start":{"line":249,"column":4},"end":{"line":249,"column":4}}]},"36":{"line":252,"type":"cond-expr","locations":[{"start":{"line":252,"column":28},"end":{"line":252,"column":36}},{"start":{"line":252,"column":39},"end":{"line":252,"column":40}}]}},"code":["\"use strict\";","var levels = require(\"./levels\");","var DEFAULT_FORMAT = ':remote-addr - -' +","  ' \":method :url HTTP/:http-version\"' +","  ' :status :content-length \":referrer\"' +","  ' \":user-agent\"';","/**"," * Log requests with the given `options` or a `format` string."," *"," * Options:"," *"," *   - `format`        Format string, see below for tokens"," *   - `level`         A log4js levels instance. Supports also 'auto'"," *"," * Tokens:"," *"," *   - `:req[header]` ex: `:req[Accept]`"," *   - `:res[header]` ex: `:res[Content-Length]`"," *   - `:http-version`"," *   - `:response-time`"," *   - `:remote-addr`"," *   - `:date`"," *   - `:method`"," *   - `:url`"," *   - `:referrer`"," *   - `:user-agent`"," *   - `:status`"," *"," * @param {String|Function|Object} format or options"," * @return {Function}"," * @api public"," */","","function getLogger(logger4js, options) {","\tif ('object' == typeof options) {","\t\toptions = options || {};","\t} else if (options) {","\t\toptions = { format: options };","\t} else {","\t\toptions = {};","\t}","","\tvar thislogger = logger4js","  , level = levels.toLevel(options.level, levels.INFO)","  , fmt = options.format || DEFAULT_FORMAT","  , nolog = options.nolog ? createNoLogCondition(options.nolog) : null;","","  return function (req, res, next) {","    // mount safety","    if (req._logging) return next();","","\t\t// nologs","\t\tif (nolog && nolog.test(req.originalUrl)) return next();","\t\tif (thislogger.isLevelEnabled(level) || options.level === 'auto') {","","\t\t\tvar start = new Date()","\t\t\t, statusCode","\t\t\t, writeHead = res.writeHead","\t\t\t, url = req.originalUrl;","","\t\t\t// flag as logging","\t\t\treq._logging = true;","","\t\t\t// proxy for statusCode.","\t\t\tres.writeHead = function(code, headers){","\t\t\t\tres.writeHead = writeHead;","\t\t\t\tres.writeHead(code, headers);","\t\t\t\tres.__statusCode = statusCode = code;","\t\t\t\tres.__headers = headers || {};","","\t\t\t\t//status code response level handling","\t\t\t\tif(options.level === 'auto'){","\t\t\t\t\tlevel = levels.INFO;","\t\t\t\t\tif(code >= 300) level = levels.WARN;","\t\t\t\t\tif(code >= 400) level = levels.ERROR;","\t\t\t\t} else {","\t\t\t\t\tlevel = levels.toLevel(options.level, levels.INFO);","\t\t\t\t}","\t\t\t};","","\t\t\t//hook on end request to emit the log entry of the HTTP request.","\t\t\tres.on('finish', function() {","\t\t\t\tres.responseTime = new Date() - start;","\t\t\t\t//status code response level handling","\t\t\t\tif(res.statusCode && options.level === 'auto'){","\t\t\t\t\tlevel = levels.INFO;","\t\t\t\t\tif(res.statusCode >= 300) level = levels.WARN;","\t\t\t\t\tif(res.statusCode >= 400) level = levels.ERROR;","\t\t\t\t}","\t\t\t\tif (thislogger.isLevelEnabled(level)) {","          var combined_tokens = assemble_tokens(req, res, options.tokens || []);","\t\t\t\t\tif (typeof fmt === 'function') {","\t\t\t\t\t\tvar line = fmt(req, res, function(str){ return format(str, combined_tokens); });","\t\t\t\t\t\tif (line) thislogger.log(level, line);","\t\t\t\t\t} else {","\t\t\t\t\t\tthislogger.log(level, format(fmt, combined_tokens));","\t\t\t\t\t}","\t\t\t\t}","\t\t\t});","\t\t}","","    //ensure next gets always called","    next();","  };","}","","/**"," * Adds custom {token, replacement} objects to defaults,"," * overwriting the defaults if any tokens clash"," *"," * @param  {IncomingMessage} req"," * @param  {ServerResponse} res"," * @param  {Array} custom_tokens"," *    [{ token: string-or-regexp, replacement: string-or-replace-function }]"," * @return {Array}"," */","function assemble_tokens(req, res, custom_tokens) {","  var array_unique_tokens = function(array) {","    var a = array.concat();","    for(var i=0; i<a.length; ++i) {","      for(var j=i+1; j<a.length; ++j) {","        if(a[i].token == a[j].token) { // not === because token can be regexp object","          a.splice(j--, 1);","        }","      }","    }","    return a;","  };","","  var default_tokens = [];","  default_tokens.push({ token: ':url', replacement: getUrl(req) });","  default_tokens.push({ token: ':protocol', replacement: req.protocol });","  default_tokens.push({ token: ':hostname', replacement: req.hostname });","  default_tokens.push({ token: ':method', replacement: req.method });","  default_tokens.push({ token: ':status', replacement: res.__statusCode || res.statusCode });","  default_tokens.push({ token: ':response-time', replacement: res.responseTime });","  default_tokens.push({ token: ':date', replacement: new Date().toUTCString() });","  default_tokens.push({","    token: ':referrer',","    replacement: req.headers.referer || req.headers.referrer || ''","  });","  default_tokens.push({","    token: ':http-version',","    replacement: req.httpVersionMajor + '.' + req.httpVersionMinor","  });","  default_tokens.push({","    token: ':remote-addr',","    replacement:","      req.headers['x-forwarded-for'] ||","      req.ip ||","      req._remoteAddress ||","      (req.socket &&","        (req.socket.remoteAddress ||","          (req.socket.socket && req.socket.socket.remoteAddress)","        )","      )","    }","  );","  default_tokens.push({ token: ':user-agent', replacement: req.headers['user-agent'] });","  default_tokens.push({","    token: ':content-length',","    replacement:","      (res._headers && res._headers['content-length']) ||","      (res.__headers && res.__headers['Content-Length']) ||","      '-'","    }","  );","  default_tokens.push({ token: /:req\\[([^\\]]+)\\]/g, replacement: function(_, field) {","    return req.headers[field.toLowerCase()];","  } });","  default_tokens.push({ token: /:res\\[([^\\]]+)\\]/g, replacement: function(_, field) {","    return res._headers ?","      (res._headers[field.toLowerCase()] || res.__headers[field])","      : (res.__headers && res.__headers[field]);","  } });","","  return array_unique_tokens(custom_tokens.concat(default_tokens));","}","","/**"," * Return request url path,"," * adding this function prevents the Cyclomatic Complexity,"," * for the assemble_tokens function at low, to pass the tests."," *"," * @param  {IncomingMessage} req"," * @return {String}"," * @api private"," */","","function getUrl(req){","  return req.originalUrl || req.url;","}","/**"," * Return formatted log line."," *"," * @param  {String} str"," * @param  {IncomingMessage} req"," * @param  {ServerResponse} res"," * @return {String}"," * @api private"," */","","function format(str, tokens) {","  for (var i = 0; i < tokens.length; i++) {","    str = str.replace(tokens[i].token, tokens[i].replacement);","  }","  return str;","}","","/**"," * Return RegExp Object about nolog"," *"," * @param  {String} nolog"," * @return {RegExp}"," * @api private"," *"," * syntax"," *  1. String"," *   1.1 \"\\\\.gif\""," *         NOT LOGGING http://example.com/hoge.gif and http://example.com/hoge.gif?fuga"," *         LOGGING http://example.com/hoge.agif"," *   1.2 in \"\\\\.gif|\\\\.jpg$\""," *         NOT LOGGING http://example.com/hoge.gif and"," *           http://example.com/hoge.gif?fuga and http://example.com/hoge.jpg?fuga"," *         LOGGING http://example.com/hoge.agif,"," *           http://example.com/hoge.ajpg and http://example.com/hoge.jpg?hoge"," *   1.3 in \"\\\\.(gif|jpe?g|png)$\""," *         NOT LOGGING http://example.com/hoge.gif and http://example.com/hoge.jpeg"," *         LOGGING http://example.com/hoge.gif?uid=2 and http://example.com/hoge.jpg?pid=3"," *  2. RegExp"," *   2.1 in /\\.(gif|jpe?g|png)$/"," *         SAME AS 1.3"," *  3. Array"," *   3.1 [\"\\\\.jpg$\", \"\\\\.png\", \"\\\\.gif\"]"," *         SAME AS \"\\\\.jpg|\\\\.png|\\\\.gif\""," */","function createNoLogCondition(nolog) {","  var regexp = null;","","\tif (nolog) {","    if (nolog instanceof RegExp) {","      regexp = nolog;","    }","","    if (typeof nolog === 'string') {","      regexp = new RegExp(nolog);","    }","","    if (Array.isArray(nolog)) {","      var regexpsAsStrings = nolog.map(","        function convertToStrings(o) {","          return o.source ? o.source : o;","        }","      );","      regexp = new RegExp(regexpsAsStrings.join('|'));","    }","  }","","  return regexp;","}","","exports.connectLogger = getLogger;",""],"l":{"2":1,"3":1,"34":1,"35":0,"36":0,"37":0,"38":0,"40":0,"43":0,"48":0,"50":0,"53":0,"54":0,"56":0,"62":0,"65":0,"66":0,"67":0,"68":0,"69":0,"72":0,"73":0,"74":0,"75":0,"77":0,"82":0,"83":0,"85":0,"86":0,"87":0,"88":0,"90":0,"91":0,"92":0,"93":0,"94":0,"96":0,"103":0,"117":1,"118":0,"119":0,"120":0,"121":0,"122":0,"123":0,"127":0,"130":0,"131":0,"132":0,"133":0,"134":0,"135":0,"136":0,"137":0,"138":0,"142":0,"146":0,"159":0,"160":0,"168":0,"169":0,"171":0,"172":0,"177":0,"190":1,"191":0,"203":1,"204":0,"205":0,"207":0,"237":1,"238":0,"240":0,"241":0,"242":0,"245":0,"246":0,"249":0,"250":0,"252":0,"255":0,"259":0,"262":1}},"/home/travis/build/npmtest/node-npmtest-log4js/node_modules/log4js/lib/appenders/stdout.js":{"path":"/home/travis/build/npmtest/node-npmtest-log4js/node_modules/log4js/lib/appenders/stdout.js","s":{"1":1,"2":1,"3":1,"4":1,"5":0,"6":1,"7":1,"8":1,"9":0,"10":1,"11":1,"12":1},"b":{"1":[1,1],"2":[0,1]},"f":{"1":1,"2":0,"3":1},"fnMap":{"1":{"name":"stdoutAppender","line":5,"loc":{"start":{"line":5,"column":0},"end":{"line":5,"column":48}}},"2":{"name":"(anonymous_2)","line":7,"loc":{"start":{"line":7,"column":9},"end":{"line":7,"column":32}}},"3":{"name":"configure","line":12,"loc":{"start":{"line":12,"column":0},"end":{"line":12,"column":27}}}},"statementMap":{"1":{"start":{"line":3,"column":0},"end":{"line":3,"column":36}},"2":{"start":{"line":5,"column":0},"end":{"line":10,"column":1}},"3":{"start":{"line":6,"column":2},"end":{"line":6,"column":44}},"4":{"start":{"line":7,"column":2},"end":{"line":9,"column":4}},"5":{"start":{"line":8,"column":4},"end":{"line":8,"column":70}},"6":{"start":{"line":12,"column":0},"end":{"line":18,"column":1}},"7":{"start":{"line":13,"column":2},"end":{"line":13,"column":13}},"8":{"start":{"line":14,"column":2},"end":{"line":16,"column":3}},"9":{"start":{"line":15,"column":4},"end":{"line":15,"column":63}},"10":{"start":{"line":17,"column":2},"end":{"line":17,"column":55}},"11":{"start":{"line":20,"column":0},"end":{"line":20,"column":34}},"12":{"start":{"line":21,"column":0},"end":{"line":21,"column":30}}},"branchMap":{"1":{"line":6,"type":"binary-expr","locations":[{"start":{"line":6,"column":11},"end":{"line":6,"column":17}},{"start":{"line":6,"column":21},"end":{"line":6,"column":43}}]},"2":{"line":14,"type":"if","locations":[{"start":{"line":14,"column":2},"end":{"line":14,"column":2}},{"start":{"line":14,"column":2},"end":{"line":14,"column":2}}]}},"code":["\"use strict\";","","var layouts = require('../layouts');","","function stdoutAppender(layout, timezoneOffset) {","  layout = layout || layouts.colouredLayout;","  return function(loggingEvent) {","    process.stdout.write(layout(loggingEvent, timezoneOffset) + '\\n');","  };","}","","function configure(config) {","  var layout;","  if (config.layout) {","    layout = layouts.layout(config.layout.type, config.layout);","  }","  return stdoutAppender(layout, config.timezoneOffset);","}","","exports.appender = stdoutAppender;","exports.configure = configure;",""],"l":{"3":1,"5":1,"6":1,"7":1,"8":0,"12":1,"13":1,"14":1,"15":0,"17":1,"20":1,"21":1}}}